<?xml version="1.0" encoding="UTF-8"?>
<testsuites tests="3673" failures="35" disabled="0" errors="0" time="3.971" timestamp="2021-12-24T21:22:47" name="AllTests">
  <testsuite name="ArrayOptionsTests" tests="10" failures="0" disabled="0" errors="0" time="0" timestamp="2021-12-24T21:22:47">
    <testcase name="TestShape_Basic_0" status="run" result="completed" time="0" timestamp="2021-12-24T21:22:47" classname="ArrayOptionsTests" />
    <testcase name="TestShape_Basic_1" status="run" result="completed" time="0" timestamp="2021-12-24T21:22:47" classname="ArrayOptionsTests" />
    <testcase name="TestShape_Basic_2" status="run" result="completed" time="0" timestamp="2021-12-24T21:22:47" classname="ArrayOptionsTests" />
    <testcase name="TestShape_Basic_3" status="run" result="completed" time="0" timestamp="2021-12-24T21:22:47" classname="ArrayOptionsTests" />
    <testcase name="TestShape_Basic_4" status="run" result="completed" time="0" timestamp="2021-12-24T21:22:47" classname="ArrayOptionsTests" />
    <testcase name="TestShape_Basic_5" status="run" result="completed" time="0" timestamp="2021-12-24T21:22:47" classname="ArrayOptionsTests" />
    <testcase name="TestShape_Basic_6" status="run" result="completed" time="0" timestamp="2021-12-24T21:22:47" classname="ArrayOptionsTests" />
    <testcase name="TestShape_Basic_7" status="run" result="completed" time="0" timestamp="2021-12-24T21:22:47" classname="ArrayOptionsTests" />
    <testcase name="TestShape_Basic_8" status="run" result="completed" time="0" timestamp="2021-12-24T21:22:47" classname="ArrayOptionsTests" />
    <testcase name="TestShape_Basic_9" status="run" result="completed" time="0" timestamp="2021-12-24T21:22:47" classname="ArrayOptionsTests" />
  </testsuite>
  <testsuite name="AttentionTests" tests="6" failures="0" disabled="0" errors="0" time="0.116" timestamp="2021-12-24T21:22:47">
    <testcase name="basic_dot_product_attention" status="run" result="completed" time="0.115" timestamp="2021-12-24T21:22:47" classname="AttentionTests" />
    <testcase name="basic_dot_product_attention_with_weights" status="run" result="completed" time="0" timestamp="2021-12-24T21:22:47" classname="AttentionTests" />
    <testcase name="basic_dot_product_attention_with_mask" status="run" result="completed" time="0" timestamp="2021-12-24T21:22:47" classname="AttentionTests" />
    <testcase name="multi_head_input_dot_product_attention_with_mask" status="run" result="completed" time="0" timestamp="2021-12-24T21:22:47" classname="AttentionTests" />
    <testcase name="basic_multi_head_dot_product_attention" status="run" result="completed" time="0.001" timestamp="2021-12-24T21:22:47" classname="AttentionTests" />
    <testcase name="basic_multi_head_dot_product_attention_with_mask" status="run" result="completed" time="0" timestamp="2021-12-24T21:22:47" classname="AttentionTests" />
  </testsuite>
  <testsuite name="BackpropTests" tests="1" failures="0" disabled="0" errors="0" time="0" timestamp="2021-12-24T21:22:47">
    <testcase name="Test_Add_1" status="run" result="completed" time="0" timestamp="2021-12-24T21:22:47" classname="BackpropTests" />
  </testsuite>
  <testsuite name="BitwiseUtilsTests" tests="5" failures="0" disabled="0" errors="0" time="0" timestamp="2021-12-24T21:22:47">
    <testcase name="Test_Runtime_Endianess_1" status="run" result="completed" time="0" timestamp="2021-12-24T21:22:47" classname="BitwiseUtilsTests" />
    <testcase name="Test_ValueBit_1" status="run" result="completed" time="0" timestamp="2021-12-24T21:22:47" classname="BitwiseUtilsTests" />
    <testcase name="Test_ValueBit_2" status="run" result="completed" time="0" timestamp="2021-12-24T21:22:47" classname="BitwiseUtilsTests" />
    <testcase name="Test_ValueBits_1" status="run" result="completed" time="0" timestamp="2021-12-24T21:22:47" classname="BitwiseUtilsTests" />
    <testcase name="Test_ValueBits_2" status="run" result="completed" time="0" timestamp="2021-12-24T21:22:47" classname="BitwiseUtilsTests" />
  </testsuite>
  <testsuite name="BooleanOpsTests" tests="11" failures="0" disabled="0" errors="0" time="0.009" timestamp="2021-12-24T21:22:47">
    <testcase name="LtTest_1" status="run" result="completed" time="0" timestamp="2021-12-24T21:22:47" classname="BooleanOpsTests" />
    <testcase name="LtTest_2" status="run" result="completed" time="0" timestamp="2021-12-24T21:22:47" classname="BooleanOpsTests" />
    <testcase name="Is_non_decreasing_1" status="run" result="completed" time="0" timestamp="2021-12-24T21:22:47" classname="BooleanOpsTests" />
    <testcase name="Is_non_decreasing_2" status="run" result="completed" time="0" timestamp="2021-12-24T21:22:47" classname="BooleanOpsTests" />
    <testcase name="Is_strictly_increasing_1" status="run" result="completed" time="0" timestamp="2021-12-24T21:22:47" classname="BooleanOpsTests" />
    <testcase name="Is_strictly_increasing_2" status="run" result="completed" time="0" timestamp="2021-12-24T21:22:47" classname="BooleanOpsTests" />
    <testcase name="Is_strictly_increasing_3" status="run" result="completed" time="0" timestamp="2021-12-24T21:22:47" classname="BooleanOpsTests" />
    <testcase name="Is_strictly_increasing_5" status="run" result="completed" time="0.002" timestamp="2021-12-24T21:22:47" classname="BooleanOpsTests" />
    <testcase name="Is_strictly_increasing_6" status="run" result="completed" time="0.006" timestamp="2021-12-24T21:22:47" classname="BooleanOpsTests" />
    <testcase name="Is_numeric_tensor_1" status="run" result="completed" time="0" timestamp="2021-12-24T21:22:47" classname="BooleanOpsTests" />
    <testcase name="test_where_1" status="run" result="completed" time="0" timestamp="2021-12-24T21:22:47" classname="BooleanOpsTests" />
  </testsuite>
  <testsuite name="BroadcastableOpsTests" tests="50" failures="0" disabled="0" errors="0" time="0.004" timestamp="2021-12-24T21:22:47">
    <testcase name="Test_Add_1" status="run" result="completed" time="0" timestamp="2021-12-24T21:22:47" classname="BroadcastableOpsTests" />
    <testcase name="Test_Multiply_1" status="run" result="completed" time="0" timestamp="2021-12-24T21:22:47" classname="BroadcastableOpsTests" />
    <testcase name="Test_SquaredSubtract_1" status="run" result="completed" time="0" timestamp="2021-12-24T21:22:47" classname="BroadcastableOpsTests" />
    <testcase name="Test_ScalarBroadcast_1" status="run" result="completed" time="0" timestamp="2021-12-24T21:22:47" classname="BroadcastableOpsTests" />
    <testcase name="Test_ScalarBroadcast_2" status="run" result="completed" time="0" timestamp="2021-12-24T21:22:47" classname="BroadcastableOpsTests" />
    <testcase name="Test_Maximum_1" status="run" result="completed" time="0" timestamp="2021-12-24T21:22:47" classname="BroadcastableOpsTests" />
    <testcase name="Test_Minimum_1" status="run" result="completed" time="0" timestamp="2021-12-24T21:22:47" classname="BroadcastableOpsTests" />
    <testcase name="Test_Shape_1" status="run" result="completed" time="0" timestamp="2021-12-24T21:22:47" classname="BroadcastableOpsTests" />
    <testcase name="Test_Shape_2" status="run" result="completed" time="0" timestamp="2021-12-24T21:22:47" classname="BroadcastableOpsTests" />
    <testcase name="Test_Shape_3" status="run" result="completed" time="0" timestamp="2021-12-24T21:22:47" classname="BroadcastableOpsTests" />
    <testcase name="Test_Shape_4" status="run" result="completed" time="0" timestamp="2021-12-24T21:22:47" classname="BroadcastableOpsTests" />
    <testcase name="Test_Shape_5" status="run" result="completed" time="0" timestamp="2021-12-24T21:22:47" classname="BroadcastableOpsTests" />
    <testcase name="Test_Scalar_Add_1" status="run" result="completed" time="0" timestamp="2021-12-24T21:22:47" classname="BroadcastableOpsTests" />
    <testcase name="Test_Inplace_Output_1" status="run" result="completed" time="0" timestamp="2021-12-24T21:22:47" classname="BroadcastableOpsTests" />
    <testcase name="Test_Subtract_1" status="run" result="completed" time="0" timestamp="2021-12-24T21:22:47" classname="BroadcastableOpsTests" />
    <testcase name="Test_Subtract_2" status="run" result="completed" time="0" timestamp="2021-12-24T21:22:47" classname="BroadcastableOpsTests" />
    <testcase name="Test_Subtract_3" status="run" result="completed" time="0" timestamp="2021-12-24T21:22:47" classname="BroadcastableOpsTests" />
    <testcase name="Test_Subtract_4" status="run" result="completed" time="0.001" timestamp="2021-12-24T21:22:47" classname="BroadcastableOpsTests" />
    <testcase name="Test_Subtract_5" status="run" result="completed" time="0" timestamp="2021-12-24T21:22:47" classname="BroadcastableOpsTests" />
    <testcase name="Test_Subtract_6" status="run" result="completed" time="0" timestamp="2021-12-24T21:22:47" classname="BroadcastableOpsTests" />
    <testcase name="Test_Subtract_7" status="run" result="completed" time="0" timestamp="2021-12-24T21:22:47" classname="BroadcastableOpsTests" />
    <testcase name="Test_Add_2" status="run" result="completed" time="0" timestamp="2021-12-24T21:22:47" classname="BroadcastableOpsTests" />
    <testcase name="Test_Add_3" status="run" result="completed" time="0" timestamp="2021-12-24T21:22:47" classname="BroadcastableOpsTests" />
    <testcase name="Test_Add_4" status="run" result="completed" time="0" timestamp="2021-12-24T21:22:47" classname="BroadcastableOpsTests" />
    <testcase name="Test_Add_5" status="run" result="completed" time="0" timestamp="2021-12-24T21:22:47" classname="BroadcastableOpsTests" />
    <testcase name="Test_Multiply_2" status="run" result="completed" time="0" timestamp="2021-12-24T21:22:47" classname="BroadcastableOpsTests" />
    <testcase name="Test_Multiply_3" status="run" result="completed" time="0" timestamp="2021-12-24T21:22:47" classname="BroadcastableOpsTests" />
    <testcase name="Test_Multiply_4" status="run" result="completed" time="0" timestamp="2021-12-24T21:22:47" classname="BroadcastableOpsTests" />
    <testcase name="Test_Multiply_5" status="run" result="completed" time="0" timestamp="2021-12-24T21:22:47" classname="BroadcastableOpsTests" />
    <testcase name="Test_Multiply_6" status="run" result="completed" time="0" timestamp="2021-12-24T21:22:47" classname="BroadcastableOpsTests" />
    <testcase name="Test_Multiply_7" status="run" result="completed" time="0" timestamp="2021-12-24T21:22:47" classname="BroadcastableOpsTests" />
    <testcase name="Test_Multiply_8" status="run" result="completed" time="0" timestamp="2021-12-24T21:22:47" classname="BroadcastableOpsTests" />
    <testcase name="broadcast_add_1" status="run" result="completed" time="0" timestamp="2021-12-24T21:22:47" classname="BroadcastableOpsTests" />
    <testcase name="broadcast_equals_1" status="run" result="completed" time="0" timestamp="2021-12-24T21:22:47" classname="BroadcastableOpsTests" />
    <testcase name="broadcast_empty_1" status="run" result="completed" time="0" timestamp="2021-12-24T21:22:47" classname="BroadcastableOpsTests" />
    <testcase name="broadcast_empty_2" status="run" result="completed" time="0" timestamp="2021-12-24T21:22:47" classname="BroadcastableOpsTests" />
    <testcase name="broadcast_empty_3" status="run" result="completed" time="0" timestamp="2021-12-24T21:22:47" classname="BroadcastableOpsTests" />
    <testcase name="broadcast_empty_4" status="run" result="completed" time="0" timestamp="2021-12-24T21:22:47" classname="BroadcastableOpsTests" />
    <testcase name="broadcast_empty_5" status="run" result="completed" time="0" timestamp="2021-12-24T21:22:47" classname="BroadcastableOpsTests" />
    <testcase name="broadcast_empty_6" status="run" result="completed" time="0" timestamp="2021-12-24T21:22:47" classname="BroadcastableOpsTests" />
    <testcase name="broadcast_empty_7" status="run" result="completed" time="0" timestamp="2021-12-24T21:22:47" classname="BroadcastableOpsTests" />
    <testcase name="broadcast_bool_empty_1" status="run" result="completed" time="0" timestamp="2021-12-24T21:22:47" classname="BroadcastableOpsTests" />
    <testcase name="broadcast_bool_empty_2" status="run" result="completed" time="0" timestamp="2021-12-24T21:22:47" classname="BroadcastableOpsTests" />
    <testcase name="broadcast_bool_1" status="run" result="completed" time="0.001" timestamp="2021-12-24T21:22:47" classname="BroadcastableOpsTests" />
    <testcase name="broadcast_bool_2" status="run" result="completed" time="0" timestamp="2021-12-24T21:22:47" classname="BroadcastableOpsTests" />
    <testcase name="broadcast_bool_3" status="run" result="completed" time="0" timestamp="2021-12-24T21:22:47" classname="BroadcastableOpsTests" />
    <testcase name="broadcast_2" status="run" result="completed" time="0" timestamp="2021-12-24T21:22:47" classname="BroadcastableOpsTests" />
    <testcase name="broadcast_3" status="run" result="completed" time="0" timestamp="2021-12-24T21:22:47" classname="BroadcastableOpsTests" />
    <testcase name="test_bert_multiply_1" status="run" result="completed" time="0" timestamp="2021-12-24T21:22:47" classname="BroadcastableOpsTests" />
    <testcase name="test_bert_multiply_2" status="run" result="completed" time="0.002" timestamp="2021-12-24T21:22:47" classname="BroadcastableOpsTests" />
  </testsuite>
  <testsuite name="BroadcastMultiDimTest" tests="1" failures="0" disabled="0" errors="0" time="0" timestamp="2021-12-24T21:22:47">
    <testcase name="MultimDimTest" status="run" result="completed" time="0" timestamp="2021-12-24T21:22:47" classname="BroadcastMultiDimTest" />
  </testsuite>
  <testsuite name="HeaderTest" tests="4" failures="0" disabled="0" errors="0" time="0" timestamp="2021-12-24T21:22:47">
    <testcase name="test_dataTypes_1" status="run" result="completed" time="0" timestamp="2021-12-24T21:22:47" classname="HeaderTest" />
    <testcase name="test_dataTypes_2" status="run" result="completed" time="0" timestamp="2021-12-24T21:22:47" classname="HeaderTest" />
    <testcase name="test_dataTypes_3" status="run" result="completed" time="0" timestamp="2021-12-24T21:22:47" classname="HeaderTest" />
    <testcase name="test_dataTypes_4" status="run" result="completed" time="0" timestamp="2021-12-24T21:22:47" classname="HeaderTest" />
  </testsuite>
  <testsuite name="ConditionalTests" tests="1" failures="0" disabled="0" errors="0" time="0" timestamp="2021-12-24T21:22:47">
    <testcase name="BasicTests_1" status="run" result="completed" time="0" timestamp="2021-12-24T21:22:47" classname="ConditionalTests" />
  </testsuite>
  <testsuite name="ConstantShapeHelperTests" tests="11" failures="0" disabled="0" errors="0" time="0.046" timestamp="2021-12-24T21:22:47">
    <testcase name="test_cachedAmount_1" status="run" result="completed" time="0.045" timestamp="2021-12-24T21:22:47" classname="ConstantShapeHelperTests" />
    <testcase name="basic_test_1" status="run" result="completed" time="0" timestamp="2021-12-24T21:22:47" classname="ConstantShapeHelperTests" />
    <testcase name="stress_test_1" status="run" result="completed" time="0.001" timestamp="2021-12-24T21:22:47" classname="ConstantShapeHelperTests" />
    <testcase name="basic_test_3" status="run" result="completed" time="0" timestamp="2021-12-24T21:22:47" classname="ConstantShapeHelperTests" />
    <testcase name="basic_test_4" status="run" result="completed" time="0" timestamp="2021-12-24T21:22:47" classname="ConstantShapeHelperTests" />
    <testcase name="basic_test_5" status="run" result="completed" time="0" timestamp="2021-12-24T21:22:47" classname="ConstantShapeHelperTests" />
    <testcase name="basic_test_6" status="run" result="completed" time="0" timestamp="2021-12-24T21:22:47" classname="ConstantShapeHelperTests" />
    <testcase name="basic_test_7" status="run" result="completed" time="0" timestamp="2021-12-24T21:22:47" classname="ConstantShapeHelperTests" />
    <testcase name="ShapeDescriptor_1" status="run" result="completed" time="0" timestamp="2021-12-24T21:22:47" classname="ConstantShapeHelperTests" />
    <testcase name="ShapeDescriptor_validation" status="run" result="completed" time="0" timestamp="2021-12-24T21:22:47" classname="ConstantShapeHelperTests" />
    <testcase name="ShapeDescriptor_paddedBuffer" status="run" result="completed" time="0" timestamp="2021-12-24T21:22:47" classname="ConstantShapeHelperTests" />
  </testsuite>
  <testsuite name="ConstantTadHelperTests" tests="1" failures="0" disabled="0" errors="0" time="0.019" timestamp="2021-12-24T21:22:47">
    <testcase name="test_cachedAmount_1" status="run" result="completed" time="0.019" timestamp="2021-12-24T21:22:47" classname="ConstantTadHelperTests" />
  </testsuite>
  <testsuite name="ConstantHelperTests" tests="2" failures="0" disabled="0" errors="0" time="0" timestamp="2021-12-24T21:22:47">
    <testcase name="basic_test_1" status="run" result="completed" time="0" timestamp="2021-12-24T21:22:47" classname="ConstantHelperTests" />
    <testcase name="basic_test_2" status="run" result="completed" time="0" timestamp="2021-12-24T21:22:47" classname="ConstantHelperTests" />
  </testsuite>
  <testsuite name="ContextTests" tests="15" failures="0" disabled="0" errors="0" time="0.001" timestamp="2021-12-24T21:22:47">
    <testcase name="Basic_Test_1" status="run" result="completed" time="0" timestamp="2021-12-24T21:22:47" classname="ContextTests" />
    <testcase name="Basic_Test_2" status="run" result="completed" time="0" timestamp="2021-12-24T21:22:47" classname="ContextTests" />
    <testcase name="Basic_Test_3" status="run" result="completed" time="0" timestamp="2021-12-24T21:22:47" classname="ContextTests" />
    <testcase name="Basic_Test_4" status="run" result="completed" time="0" timestamp="2021-12-24T21:22:47" classname="ContextTests" />
    <testcase name="Basic_Test_5" status="run" result="completed" time="0" timestamp="2021-12-24T21:22:47" classname="ContextTests" />
    <testcase name="Basic_Test_6" status="run" result="completed" time="0" timestamp="2021-12-24T21:22:47" classname="ContextTests" />
    <testcase name="Basic_Test_7" status="run" result="completed" time="0" timestamp="2021-12-24T21:22:47" classname="ContextTests" />
    <testcase name="Basic_Test_8" status="run" result="completed" time="0" timestamp="2021-12-24T21:22:47" classname="ContextTests" />
    <testcase name="Basic_Test_9" status="run" result="completed" time="0" timestamp="2021-12-24T21:22:47" classname="ContextTests" />
    <testcase name="Basic_Test_10" status="run" result="completed" time="0" timestamp="2021-12-24T21:22:47" classname="ContextTests" />
    <testcase name="Prototype_Test_1" status="run" result="completed" time="0" timestamp="2021-12-24T21:22:47" classname="ContextTests" />
    <testcase name="Prototype_Test_2" status="run" result="completed" time="0" timestamp="2021-12-24T21:22:47" classname="ContextTests" />
    <testcase name="test_short_context_1" status="run" result="completed" time="0" timestamp="2021-12-24T21:22:47" classname="ContextTests" />
    <testcase name="test_short_context_2" status="run" result="completed" time="0" timestamp="2021-12-24T21:22:47" classname="ContextTests" />
    <testcase name="test_short_context_3" status="run" result="completed" time="0" timestamp="2021-12-24T21:22:47" classname="ContextTests" />
  </testsuite>
  <testsuite name="TypedConvolutionTests1/0" tests="35" failures="0" disabled="0" errors="0" time="0.012" timestamp="2021-12-24T21:22:47">
    <testcase name="conv2d_1" type_param="double" status="run" result="completed" time="0" timestamp="2021-12-24T21:22:47" classname="TypedConvolutionTests1/0" />
    <testcase name="conv2d_2" type_param="double" status="run" result="completed" time="0" timestamp="2021-12-24T21:22:47" classname="TypedConvolutionTests1/0" />
    <testcase name="conv2d_3" type_param="double" status="run" result="completed" time="0" timestamp="2021-12-24T21:22:47" classname="TypedConvolutionTests1/0" />
    <testcase name="conv2d_4" type_param="double" status="run" result="completed" time="0" timestamp="2021-12-24T21:22:47" classname="TypedConvolutionTests1/0" />
    <testcase name="conv2d_5" type_param="double" status="run" result="completed" time="0" timestamp="2021-12-24T21:22:47" classname="TypedConvolutionTests1/0" />
    <testcase name="conv2d_6" type_param="double" status="run" result="completed" time="0.001" timestamp="2021-12-24T21:22:47" classname="TypedConvolutionTests1/0" />
    <testcase name="conv2d_7" type_param="double" status="run" result="completed" time="0.002" timestamp="2021-12-24T21:22:47" classname="TypedConvolutionTests1/0" />
    <testcase name="sconv2d_2" type_param="double" status="run" result="completed" time="0.001" timestamp="2021-12-24T21:22:47" classname="TypedConvolutionTests1/0" />
    <testcase name="sconv2d_3" type_param="double" status="run" result="completed" time="0.004" timestamp="2021-12-24T21:22:47" classname="TypedConvolutionTests1/0" />
    <testcase name="conv2D_BP_Bias_1" type_param="double" status="run" result="completed" time="0.001" timestamp="2021-12-24T21:22:47" classname="TypedConvolutionTests1/0" />
    <testcase name="conv2D_BP_NoBias_1" type_param="double" status="run" result="completed" time="0" timestamp="2021-12-24T21:22:47" classname="TypedConvolutionTests1/0" />
    <testcase name="sconv2d_conv2d_1" type_param="double" status="run" result="completed" time="0" timestamp="2021-12-24T21:22:47" classname="TypedConvolutionTests1/0" />
    <testcase name="Test_Conv1D_ff_1" type_param="double" status="run" result="completed" time="0" timestamp="2021-12-24T21:22:47" classname="TypedConvolutionTests1/0" />
    <testcase name="Test_Conv1D_ff_2" type_param="double" status="run" result="completed" time="0" timestamp="2021-12-24T21:22:47" classname="TypedConvolutionTests1/0" />
    <testcase name="conv2d_bp_test1" type_param="double" status="run" result="completed" time="0.001" timestamp="2021-12-24T21:22:47" classname="TypedConvolutionTests1/0" />
    <testcase name="conv2d_bp_test2" type_param="double" status="run" result="completed" time="0" timestamp="2021-12-24T21:22:47" classname="TypedConvolutionTests1/0" />
    <testcase name="conv2d_bp_test3" type_param="double" status="run" result="completed" time="0" timestamp="2021-12-24T21:22:47" classname="TypedConvolutionTests1/0" />
    <testcase name="conv3d_bp_test1" type_param="double" status="run" result="completed" time="0" timestamp="2021-12-24T21:22:47" classname="TypedConvolutionTests1/0" />
    <testcase name="conv3d_bp_test2" type_param="double" status="run" result="completed" time="0" timestamp="2021-12-24T21:22:47" classname="TypedConvolutionTests1/0" />
    <testcase name="conv3d_bp_test3" type_param="double" status="run" result="completed" time="0" timestamp="2021-12-24T21:22:47" classname="TypedConvolutionTests1/0" />
    <testcase name="conv3d_test1" type_param="double" status="run" result="completed" time="0.001" timestamp="2021-12-24T21:22:47" classname="TypedConvolutionTests1/0" />
    <testcase name="conv3d_test2" type_param="double" status="run" result="completed" time="0" timestamp="2021-12-24T21:22:47" classname="TypedConvolutionTests1/0" />
    <testcase name="conv3d_test3" type_param="double" status="run" result="completed" time="0" timestamp="2021-12-24T21:22:47" classname="TypedConvolutionTests1/0" />
    <testcase name="conv3d_test4" type_param="double" status="run" result="completed" time="0" timestamp="2021-12-24T21:22:47" classname="TypedConvolutionTests1/0" />
    <testcase name="conv3d_test5" type_param="double" status="run" result="completed" time="0" timestamp="2021-12-24T21:22:47" classname="TypedConvolutionTests1/0" />
    <testcase name="conv3d_test6" type_param="double" status="run" result="completed" time="0" timestamp="2021-12-24T21:22:47" classname="TypedConvolutionTests1/0" />
    <testcase name="conv3d_test7" type_param="double" status="run" result="completed" time="0" timestamp="2021-12-24T21:22:47" classname="TypedConvolutionTests1/0" />
    <testcase name="conv3d_test8" type_param="double" status="run" result="completed" time="0" timestamp="2021-12-24T21:22:47" classname="TypedConvolutionTests1/0" />
    <testcase name="conv3d_test9" type_param="double" status="run" result="completed" time="0.001" timestamp="2021-12-24T21:22:47" classname="TypedConvolutionTests1/0" />
    <testcase name="conv3d_test10" type_param="double" status="run" result="completed" time="0" timestamp="2021-12-24T21:22:47" classname="TypedConvolutionTests1/0" />
    <testcase name="conv3d_test11" type_param="double" status="run" result="completed" time="0" timestamp="2021-12-24T21:22:47" classname="TypedConvolutionTests1/0" />
    <testcase name="pointwise_conv2d_test1" type_param="double" status="run" result="completed" time="0" timestamp="2021-12-24T21:22:47" classname="TypedConvolutionTests1/0" />
    <testcase name="conv2D_input_BP_test1" type_param="double" status="run" result="completed" time="0" timestamp="2021-12-24T21:22:47" classname="TypedConvolutionTests1/0" />
    <testcase name="deconv2d_test6" type_param="double" status="run" result="completed" time="0" timestamp="2021-12-24T21:22:47" classname="TypedConvolutionTests1/0" />
    <testcase name="deconv2d_tf_test1" type_param="double" status="run" result="completed" time="0" timestamp="2021-12-24T21:22:47" classname="TypedConvolutionTests1/0" />
  </testsuite>
  <testsuite name="TypedConvolutionTests1/1" tests="35" failures="0" disabled="0" errors="0" time="0.007" timestamp="2021-12-24T21:22:47">
    <testcase name="conv2d_1" type_param="float" status="run" result="completed" time="0.001" timestamp="2021-12-24T21:22:47" classname="TypedConvolutionTests1/1" />
    <testcase name="conv2d_2" type_param="float" status="run" result="completed" time="0" timestamp="2021-12-24T21:22:47" classname="TypedConvolutionTests1/1" />
    <testcase name="conv2d_3" type_param="float" status="run" result="completed" time="0" timestamp="2021-12-24T21:22:47" classname="TypedConvolutionTests1/1" />
    <testcase name="conv2d_4" type_param="float" status="run" result="completed" time="0" timestamp="2021-12-24T21:22:47" classname="TypedConvolutionTests1/1" />
    <testcase name="conv2d_5" type_param="float" status="run" result="completed" time="0" timestamp="2021-12-24T21:22:47" classname="TypedConvolutionTests1/1" />
    <testcase name="conv2d_6" type_param="float" status="run" result="completed" time="0" timestamp="2021-12-24T21:22:47" classname="TypedConvolutionTests1/1" />
    <testcase name="conv2d_7" type_param="float" status="run" result="completed" time="0.002" timestamp="2021-12-24T21:22:47" classname="TypedConvolutionTests1/1" />
    <testcase name="sconv2d_2" type_param="float" status="run" result="completed" time="0" timestamp="2021-12-24T21:22:47" classname="TypedConvolutionTests1/1" />
    <testcase name="sconv2d_3" type_param="float" status="run" result="completed" time="0" timestamp="2021-12-24T21:22:47" classname="TypedConvolutionTests1/1" />
    <testcase name="conv2D_BP_Bias_1" type_param="float" status="run" result="completed" time="0" timestamp="2021-12-24T21:22:47" classname="TypedConvolutionTests1/1" />
    <testcase name="conv2D_BP_NoBias_1" type_param="float" status="run" result="completed" time="0" timestamp="2021-12-24T21:22:47" classname="TypedConvolutionTests1/1" />
    <testcase name="sconv2d_conv2d_1" type_param="float" status="run" result="completed" time="0.001" timestamp="2021-12-24T21:22:47" classname="TypedConvolutionTests1/1" />
    <testcase name="Test_Conv1D_ff_1" type_param="float" status="run" result="completed" time="0" timestamp="2021-12-24T21:22:47" classname="TypedConvolutionTests1/1" />
    <testcase name="Test_Conv1D_ff_2" type_param="float" status="run" result="completed" time="0" timestamp="2021-12-24T21:22:47" classname="TypedConvolutionTests1/1" />
    <testcase name="conv2d_bp_test1" type_param="float" status="run" result="completed" time="0" timestamp="2021-12-24T21:22:47" classname="TypedConvolutionTests1/1" />
    <testcase name="conv2d_bp_test2" type_param="float" status="run" result="completed" time="0" timestamp="2021-12-24T21:22:47" classname="TypedConvolutionTests1/1" />
    <testcase name="conv2d_bp_test3" type_param="float" status="run" result="completed" time="0" timestamp="2021-12-24T21:22:47" classname="TypedConvolutionTests1/1" />
    <testcase name="conv3d_bp_test1" type_param="float" status="run" result="completed" time="0" timestamp="2021-12-24T21:22:47" classname="TypedConvolutionTests1/1" />
    <testcase name="conv3d_bp_test2" type_param="float" status="run" result="completed" time="0.001" timestamp="2021-12-24T21:22:47" classname="TypedConvolutionTests1/1" />
    <testcase name="conv3d_bp_test3" type_param="float" status="run" result="completed" time="0" timestamp="2021-12-24T21:22:47" classname="TypedConvolutionTests1/1" />
    <testcase name="conv3d_test1" type_param="float" status="run" result="completed" time="0" timestamp="2021-12-24T21:22:47" classname="TypedConvolutionTests1/1" />
    <testcase name="conv3d_test2" type_param="float" status="run" result="completed" time="0" timestamp="2021-12-24T21:22:47" classname="TypedConvolutionTests1/1" />
    <testcase name="conv3d_test3" type_param="float" status="run" result="completed" time="0" timestamp="2021-12-24T21:22:47" classname="TypedConvolutionTests1/1" />
    <testcase name="conv3d_test4" type_param="float" status="run" result="completed" time="0" timestamp="2021-12-24T21:22:47" classname="TypedConvolutionTests1/1" />
    <testcase name="conv3d_test5" type_param="float" status="run" result="completed" time="0" timestamp="2021-12-24T21:22:47" classname="TypedConvolutionTests1/1" />
    <testcase name="conv3d_test6" type_param="float" status="run" result="completed" time="0" timestamp="2021-12-24T21:22:47" classname="TypedConvolutionTests1/1" />
    <testcase name="conv3d_test7" type_param="float" status="run" result="completed" time="0" timestamp="2021-12-24T21:22:47" classname="TypedConvolutionTests1/1" />
    <testcase name="conv3d_test8" type_param="float" status="run" result="completed" time="0.001" timestamp="2021-12-24T21:22:47" classname="TypedConvolutionTests1/1" />
    <testcase name="conv3d_test9" type_param="float" status="run" result="completed" time="0" timestamp="2021-12-24T21:22:47" classname="TypedConvolutionTests1/1" />
    <testcase name="conv3d_test10" type_param="float" status="run" result="completed" time="0" timestamp="2021-12-24T21:22:47" classname="TypedConvolutionTests1/1" />
    <testcase name="conv3d_test11" type_param="float" status="run" result="completed" time="0" timestamp="2021-12-24T21:22:47" classname="TypedConvolutionTests1/1" />
    <testcase name="pointwise_conv2d_test1" type_param="float" status="run" result="completed" time="0" timestamp="2021-12-24T21:22:47" classname="TypedConvolutionTests1/1" />
    <testcase name="conv2D_input_BP_test1" type_param="float" status="run" result="completed" time="0" timestamp="2021-12-24T21:22:47" classname="TypedConvolutionTests1/1" />
    <testcase name="deconv2d_test6" type_param="float" status="run" result="completed" time="0" timestamp="2021-12-24T21:22:47" classname="TypedConvolutionTests1/1" />
    <testcase name="deconv2d_tf_test1" type_param="float" status="run" result="completed" time="0.001" timestamp="2021-12-24T21:22:47" classname="TypedConvolutionTests1/1" />
  </testsuite>
  <testsuite name="ConvolutionTests1" tests="47" failures="0" disabled="0" errors="0" time="0.011" timestamp="2021-12-24T21:22:47">
    <testcase name="conv2d_8" status="run" result="completed" time="0" timestamp="2021-12-24T21:22:47" classname="ConvolutionTests1" />
    <testcase name="conv2d_9" status="run" result="completed" time="0" timestamp="2021-12-24T21:22:47" classname="ConvolutionTests1" />
    <testcase name="conv2d_10" status="run" result="completed" time="0" timestamp="2021-12-24T21:22:47" classname="ConvolutionTests1" />
    <testcase name="sconv2d_1" status="run" result="completed" time="0" timestamp="2021-12-24T21:22:47" classname="ConvolutionTests1" />
    <testcase name="sconv2d_4" status="run" result="completed" time="0" timestamp="2021-12-24T21:22:47" classname="ConvolutionTests1" />
    <testcase name="deconv2d_bp_1" status="run" result="completed" time="0" timestamp="2021-12-24T21:22:47" classname="ConvolutionTests1" />
    <testcase name="deconv2d_bp_2" status="run" result="completed" time="0" timestamp="2021-12-24T21:22:47" classname="ConvolutionTests1" />
    <testcase name="deconv2d_bp_3" status="run" result="completed" time="0" timestamp="2021-12-24T21:22:47" classname="ConvolutionTests1" />
    <testcase name="conv1d_causal_1" status="run" result="completed" time="0" timestamp="2021-12-24T21:22:47" classname="ConvolutionTests1" />
    <testcase name="conv1d_causal_2" status="run" result="completed" time="0" timestamp="2021-12-24T21:22:47" classname="ConvolutionTests1" />
    <testcase name="conv1d_causal_3" status="run" result="completed" time="0.001" timestamp="2021-12-24T21:22:47" classname="ConvolutionTests1" />
    <testcase name="conv1d_causal_4" status="run" result="completed" time="0" timestamp="2021-12-24T21:22:47" classname="ConvolutionTests1" />
    <testcase name="conv1d_causal_5" status="run" result="completed" time="0" timestamp="2021-12-24T21:22:47" classname="ConvolutionTests1" />
    <testcase name="conv1d_causal_6" status="run" result="completed" time="0" timestamp="2021-12-24T21:22:47" classname="ConvolutionTests1" />
    <testcase name="conv1d_causal_7" status="run" result="completed" time="0" timestamp="2021-12-24T21:22:47" classname="ConvolutionTests1" />
    <testcase name="conv1d_causal_8" status="run" result="completed" time="0" timestamp="2021-12-24T21:22:47" classname="ConvolutionTests1" />
    <testcase name="conv1d_causal_bp_1" status="run" result="completed" time="0.003" timestamp="2021-12-24T21:22:47" classname="ConvolutionTests1" />
    <testcase name="Test_Dilation2D_1" status="run" result="completed" time="0" timestamp="2021-12-24T21:22:47" classname="ConvolutionTests1" />
    <testcase name="Test_Dilation2D_2" status="run" result="completed" time="0" timestamp="2021-12-24T21:22:47" classname="ConvolutionTests1" />
    <testcase name="conv2d_bp_4" status="run" result="completed" time="0" timestamp="2021-12-24T21:22:47" classname="ConvolutionTests1" />
    <testcase name="conv2d_bp_5" status="run" result="completed" time="0" timestamp="2021-12-24T21:22:47" classname="ConvolutionTests1" />
    <testcase name="conv2d_bp_6" status="run" result="completed" time="0" timestamp="2021-12-24T21:22:47" classname="ConvolutionTests1" />
    <testcase name="conv3d_bp_test4" status="run" result="completed" time="0" timestamp="2021-12-24T21:22:47" classname="ConvolutionTests1" />
    <testcase name="conv3d_bp_test5" status="run" result="completed" time="0" timestamp="2021-12-24T21:22:47" classname="ConvolutionTests1" />
    <testcase name="conv3d_test12" status="run" result="completed" time="0.001" timestamp="2021-12-24T21:22:47" classname="ConvolutionTests1" />
    <testcase name="conv3d_test13" status="run" result="completed" time="0" timestamp="2021-12-24T21:22:47" classname="ConvolutionTests1" />
    <testcase name="vol2col_test1" status="run" result="completed" time="0" timestamp="2021-12-24T21:22:47" classname="ConvolutionTests1" />
    <testcase name="vol2col_test2" status="run" result="completed" time="0.004" timestamp="2021-12-24T21:22:47" classname="ConvolutionTests1" />
    <testcase name="col2im_test1" status="run" result="completed" time="0.001" timestamp="2021-12-24T21:22:47" classname="ConvolutionTests1" />
    <testcase name="upsampling2d_test1" status="run" result="completed" time="0" timestamp="2021-12-24T21:22:47" classname="ConvolutionTests1" />
    <testcase name="upsampling2d_test2" status="run" result="completed" time="0" timestamp="2021-12-24T21:22:47" classname="ConvolutionTests1" />
    <testcase name="upsampling3d_test1" status="run" result="completed" time="0" timestamp="2021-12-24T21:22:47" classname="ConvolutionTests1" />
    <testcase name="upsampling3d_test2" status="run" result="completed" time="0" timestamp="2021-12-24T21:22:47" classname="ConvolutionTests1" />
    <testcase name="upsampling3d_bp_test1" status="run" result="completed" time="0" timestamp="2021-12-24T21:22:47" classname="ConvolutionTests1" />
    <testcase name="upsampling3d_bp_test3" status="run" result="completed" time="0" timestamp="2021-12-24T21:22:47" classname="ConvolutionTests1" />
    <testcase name="deconv2d_test1" status="run" result="completed" time="0" timestamp="2021-12-24T21:22:47" classname="ConvolutionTests1" />
    <testcase name="deconv2d_test2" status="run" result="completed" time="0" timestamp="2021-12-24T21:22:47" classname="ConvolutionTests1" />
    <testcase name="deconv2d_test3" status="run" result="completed" time="0" timestamp="2021-12-24T21:22:47" classname="ConvolutionTests1" />
    <testcase name="deconv2d_test4" status="run" result="completed" time="0" timestamp="2021-12-24T21:22:47" classname="ConvolutionTests1" />
    <testcase name="deconv2d_test5" status="run" result="completed" time="0" timestamp="2021-12-24T21:22:47" classname="ConvolutionTests1" />
    <testcase name="deconv2d_test7" status="run" result="completed" time="0" timestamp="2021-12-24T21:22:47" classname="ConvolutionTests1" />
    <testcase name="deconv2d_test8" status="run" result="completed" time="0.001" timestamp="2021-12-24T21:22:47" classname="ConvolutionTests1" />
    <testcase name="deconv2d_test9" status="run" result="completed" time="0" timestamp="2021-12-24T21:22:47" classname="ConvolutionTests1" />
    <testcase name="deconv2d_test10" status="run" result="completed" time="0" timestamp="2021-12-24T21:22:47" classname="ConvolutionTests1" />
    <testcase name="conv2d_bp_7" status="run" result="completed" time="0" timestamp="2021-12-24T21:22:47" classname="ConvolutionTests1" />
    <testcase name="conv2d_ff_119_1" status="run" result="completed" time="0" timestamp="2021-12-24T21:22:47" classname="ConvolutionTests1" />
    <testcase name="conv2d_ff_119_2" status="run" result="completed" time="0" timestamp="2021-12-24T21:22:47" classname="ConvolutionTests1" />
  </testsuite>
  <testsuite name="ConvolutionTests2" tests="49" failures="0" disabled="0" errors="0" time="0.065" timestamp="2021-12-24T21:22:47">
    <testcase name="im2col_1" status="run" result="completed" time="0.001" timestamp="2021-12-24T21:22:47" classname="ConvolutionTests2" />
    <testcase name="Test_Dilation2D_Again_1" status="run" result="completed" time="0.001" timestamp="2021-12-24T21:22:47" classname="ConvolutionTests2" />
    <testcase name="Test_Dilation2D_Again_2" status="run" result="completed" time="0" timestamp="2021-12-24T21:22:47" classname="ConvolutionTests2" />
    <testcase name="sconv2d_bp_5" status="run" result="completed" time="0" timestamp="2021-12-24T21:22:47" classname="ConvolutionTests2" />
    <testcase name="im2col_bp_1" status="run" result="completed" time="0" timestamp="2021-12-24T21:22:47" classname="ConvolutionTests2" />
    <testcase name="deconv3d_test1" status="run" result="completed" time="0" timestamp="2021-12-24T21:22:47" classname="ConvolutionTests2" />
    <testcase name="deconv3d_test2" status="run" result="completed" time="0" timestamp="2021-12-24T21:22:47" classname="ConvolutionTests2" />
    <testcase name="deconv3d_test3" status="run" result="completed" time="0" timestamp="2021-12-24T21:22:47" classname="ConvolutionTests2" />
    <testcase name="deconv3d_test4" status="run" result="completed" time="0" timestamp="2021-12-24T21:22:47" classname="ConvolutionTests2" />
    <testcase name="deconv3d_test5" status="run" result="completed" time="0" timestamp="2021-12-24T21:22:47" classname="ConvolutionTests2" />
    <testcase name="deconv3d_test6" status="run" result="completed" time="0" timestamp="2021-12-24T21:22:47" classname="ConvolutionTests2" />
    <testcase name="deconv3d_test7" status="run" result="completed" time="0.001" timestamp="2021-12-24T21:22:47" classname="ConvolutionTests2" />
    <testcase name="deconv3d_bp_test1" status="run" result="completed" time="0" timestamp="2021-12-24T21:22:47" classname="ConvolutionTests2" />
    <testcase name="deconv3d_bp_test2" status="run" result="completed" time="0" timestamp="2021-12-24T21:22:47" classname="ConvolutionTests2" />
    <testcase name="deconv3d_bp_test3" status="run" result="completed" time="0" timestamp="2021-12-24T21:22:47" classname="ConvolutionTests2" />
    <testcase name="deconv3d_bp_test4" status="run" result="completed" time="0" timestamp="2021-12-24T21:22:47" classname="ConvolutionTests2" />
    <testcase name="deconv3d_bp_test5" status="run" result="completed" time="0" timestamp="2021-12-24T21:22:47" classname="ConvolutionTests2" />
    <testcase name="deconv3d_bp_test6" status="run" result="completed" time="0.001" timestamp="2021-12-24T21:22:47" classname="ConvolutionTests2" />
    <testcase name="maxpool2d_1" status="run" result="completed" time="0" timestamp="2021-12-24T21:22:47" classname="ConvolutionTests2" />
    <testcase name="maxpool2d_2" status="run" result="completed" time="0" timestamp="2021-12-24T21:22:47" classname="ConvolutionTests2" />
    <testcase name="maxpool2d_3" status="run" result="completed" time="0" timestamp="2021-12-24T21:22:47" classname="ConvolutionTests2" />
    <testcase name="maxpool2d_4" status="run" result="completed" time="0" timestamp="2021-12-24T21:22:47" classname="ConvolutionTests2" />
    <testcase name="maxpool2d_5" status="run" result="completed" time="0" timestamp="2021-12-24T21:22:47" classname="ConvolutionTests2" />
    <testcase name="maxpool2d_11" status="run" result="completed" time="0" timestamp="2021-12-24T21:22:47" classname="ConvolutionTests2" />
    <testcase name="maxpool2d_bp_1" status="run" result="completed" time="0" timestamp="2021-12-24T21:22:47" classname="ConvolutionTests2" />
    <testcase name="maxpool2d_bp_2" status="run" result="completed" time="0" timestamp="2021-12-24T21:22:47" classname="ConvolutionTests2" />
    <testcase name="maxpool2d_bp_7" status="run" result="completed" time="0.001" timestamp="2021-12-24T21:22:47" classname="ConvolutionTests2" />
    <testcase name="avgpool2d_bp_1" status="run" result="completed" time="0" timestamp="2021-12-24T21:22:47" classname="ConvolutionTests2" />
    <testcase name="pnormpool2d_bp_1" status="run" result="completed" time="0.001" timestamp="2021-12-24T21:22:47" classname="ConvolutionTests2" />
    <testcase name="upsampling2d_bp_1" status="run" result="completed" time="0" timestamp="2021-12-24T21:22:47" classname="ConvolutionTests2" />
    <testcase name="upsampling2d_bp_2" status="run" result="completed" time="0" timestamp="2021-12-24T21:22:47" classname="ConvolutionTests2" />
    <testcase name="upsampling2d_bp_3" status="run" result="completed" time="0" timestamp="2021-12-24T21:22:47" classname="ConvolutionTests2" />
    <testcase name="depthwise_conv2d_2" status="run" result="completed" time="0" timestamp="2021-12-24T21:22:47" classname="ConvolutionTests2" />
    <testcase name="depthwise_conv2d_3" status="run" result="completed" time="0" timestamp="2021-12-24T21:22:47" classname="ConvolutionTests2" />
    <testcase name="depthwise_conv2d_4" status="run" result="completed" time="0.041" timestamp="2021-12-24T21:22:47" classname="ConvolutionTests2" />
    <testcase name="depthwise_conv2d_5" status="run" result="completed" time="0" timestamp="2021-12-24T21:22:47" classname="ConvolutionTests2" />
    <testcase name="depthwise_conv2d_6" status="run" result="completed" time="0" timestamp="2021-12-24T21:22:47" classname="ConvolutionTests2" />
    <testcase name="depthwise_conv2d_7" status="run" result="completed" time="0" timestamp="2021-12-24T21:22:47" classname="ConvolutionTests2" />
    <testcase name="depthwise_conv2d_8" status="run" result="completed" time="0" timestamp="2021-12-24T21:22:47" classname="ConvolutionTests2" />
    <testcase name="depthwise_conv2d_9" status="run" result="completed" time="0" timestamp="2021-12-24T21:22:47" classname="ConvolutionTests2" />
    <testcase name="depthwise_conv2d_10" status="run" result="completed" time="0" timestamp="2021-12-24T21:22:47" classname="ConvolutionTests2" />
    <testcase name="depthwise_conv2d_11" status="run" result="completed" time="0" timestamp="2021-12-24T21:22:47" classname="ConvolutionTests2" />
    <testcase name="depthwise_conv2d_bp_test1" status="run" result="completed" time="0" timestamp="2021-12-24T21:22:47" classname="ConvolutionTests2" />
    <testcase name="depthwise_conv2d_bp_test2" status="run" result="completed" time="0.001" timestamp="2021-12-24T21:22:47" classname="ConvolutionTests2" />
    <testcase name="depthwise_conv2d_bp_test3" status="run" result="completed" time="0.015" timestamp="2021-12-24T21:22:47" classname="ConvolutionTests2" />
    <testcase name="depthwise_conv2d_bp_test4" status="run" result="completed" time="0.001" timestamp="2021-12-24T21:22:47" classname="ConvolutionTests2" />
    <testcase name="depthwise_conv2d_bp_test5" status="run" result="completed" time="0" timestamp="2021-12-24T21:22:47" classname="ConvolutionTests2" />
    <testcase name="depthwise_conv2d_bp_test6" status="run" result="completed" time="0" timestamp="2021-12-24T21:22:47" classname="ConvolutionTests2" />
    <testcase name="depthwise_conv2d_bp_test7" status="run" result="completed" time="0" timestamp="2021-12-24T21:22:47" classname="ConvolutionTests2" />
  </testsuite>
  <testsuite name="TypedConvolutionTests2/0" tests="40" failures="0" disabled="0" errors="0" time="0.014" timestamp="2021-12-24T21:22:47">
    <testcase name="deconv2d_tf_test2" type_param="double" status="run" result="completed" time="0" timestamp="2021-12-24T21:22:47" classname="TypedConvolutionTests2/0" />
    <testcase name="Test_DeConv2D_TF_1" type_param="double" status="run" result="completed" time="0" timestamp="2021-12-24T21:22:47" classname="TypedConvolutionTests2/0" />
    <testcase name="Test_DeConv2D_TF_2" type_param="double" status="run" result="completed" time="0" timestamp="2021-12-24T21:22:47" classname="TypedConvolutionTests2/0" />
    <testcase name="sconv2d_bp_1" type_param="double" status="run" result="completed" time="0" timestamp="2021-12-24T21:22:47" classname="TypedConvolutionTests2/0" />
    <testcase name="sconv2d_bp_2" type_param="double" status="run" result="completed" time="0.006" timestamp="2021-12-24T21:22:47" classname="TypedConvolutionTests2/0" />
    <testcase name="sconv2d_bp_3" type_param="double" status="run" result="completed" time="0.001" timestamp="2021-12-24T21:22:47" classname="TypedConvolutionTests2/0" />
    <testcase name="sconv2d_bp_4" type_param="double" status="run" result="completed" time="0" timestamp="2021-12-24T21:22:47" classname="TypedConvolutionTests2/0" />
    <testcase name="maxpool2d_6" type_param="double" status="run" result="completed" time="0" timestamp="2021-12-24T21:22:47" classname="TypedConvolutionTests2/0" />
    <testcase name="maxpool2d_7" type_param="double" status="run" result="completed" time="0" timestamp="2021-12-24T21:22:47" classname="TypedConvolutionTests2/0" />
    <testcase name="maxpool2d_8" type_param="double" status="run" result="completed" time="0" timestamp="2021-12-24T21:22:47" classname="TypedConvolutionTests2/0" />
    <testcase name="maxpool2d_9" type_param="double" status="run" result="completed" time="0" timestamp="2021-12-24T21:22:47" classname="TypedConvolutionTests2/0" />
    <testcase name="maxpool2d_10" type_param="double" status="run" result="completed" time="0" timestamp="2021-12-24T21:22:47" classname="TypedConvolutionTests2/0" />
    <testcase name="avgpool3d_test1" type_param="double" status="run" result="completed" time="0" timestamp="2021-12-24T21:22:47" classname="TypedConvolutionTests2/0" />
    <testcase name="avgpool3d_test2" type_param="double" status="run" result="completed" time="0" timestamp="2021-12-24T21:22:47" classname="TypedConvolutionTests2/0" />
    <testcase name="avgpool3d_test3" type_param="double" status="run" result="completed" time="0" timestamp="2021-12-24T21:22:47" classname="TypedConvolutionTests2/0" />
    <testcase name="avgpool3d_test4" type_param="double" status="run" result="completed" time="0" timestamp="2021-12-24T21:22:47" classname="TypedConvolutionTests2/0" />
    <testcase name="maxpool3d_test1" type_param="double" status="run" result="completed" time="0" timestamp="2021-12-24T21:22:47" classname="TypedConvolutionTests2/0" />
    <testcase name="maxpool3d_test2" type_param="double" status="run" result="completed" time="0" timestamp="2021-12-24T21:22:47" classname="TypedConvolutionTests2/0" />
    <testcase name="maxpool3d_test3" type_param="double" status="run" result="completed" time="0" timestamp="2021-12-24T21:22:47" classname="TypedConvolutionTests2/0" />
    <testcase name="maxpool3d_test4" type_param="double" status="run" result="completed" time="0" timestamp="2021-12-24T21:22:47" classname="TypedConvolutionTests2/0" />
    <testcase name="avgpool3d_bp_test1" type_param="double" status="run" result="completed" time="0" timestamp="2021-12-24T21:22:47" classname="TypedConvolutionTests2/0" />
    <testcase name="avgpool3d_bp_test2" type_param="double" status="run" result="completed" time="0" timestamp="2021-12-24T21:22:47" classname="TypedConvolutionTests2/0" />
    <testcase name="avgpool3d_bp_test3" type_param="double" status="run" result="completed" time="0" timestamp="2021-12-24T21:22:47" classname="TypedConvolutionTests2/0" />
    <testcase name="avgpool3d_bp_test4" type_param="double" status="run" result="completed" time="0.001" timestamp="2021-12-24T21:22:47" classname="TypedConvolutionTests2/0" />
    <testcase name="maxpool3d_bp_test1" type_param="double" status="run" result="completed" time="0" timestamp="2021-12-24T21:22:47" classname="TypedConvolutionTests2/0" />
    <testcase name="maxpool3d_bp_test2" type_param="double" status="run" result="completed" time="0" timestamp="2021-12-24T21:22:47" classname="TypedConvolutionTests2/0" />
    <testcase name="maxpool3d_bp_test3" type_param="double" status="run" result="completed" time="0" timestamp="2021-12-24T21:22:47" classname="TypedConvolutionTests2/0" />
    <testcase name="maxpool3d_bp_test4" type_param="double" status="run" result="completed" time="0.002" timestamp="2021-12-24T21:22:47" classname="TypedConvolutionTests2/0" />
    <testcase name="maxpool2d_bp_3" type_param="double" status="run" result="completed" time="0.002" timestamp="2021-12-24T21:22:47" classname="TypedConvolutionTests2/0" />
    <testcase name="maxpool2d_bp_4" type_param="double" status="run" result="completed" time="0" timestamp="2021-12-24T21:22:47" classname="TypedConvolutionTests2/0" />
    <testcase name="maxpool2d_bp_5" type_param="double" status="run" result="completed" time="0" timestamp="2021-12-24T21:22:47" classname="TypedConvolutionTests2/0" />
    <testcase name="maxpool2d_bp_6" type_param="double" status="run" result="completed" time="0" timestamp="2021-12-24T21:22:47" classname="TypedConvolutionTests2/0" />
    <testcase name="avgpool2d_bp_2" type_param="double" status="run" result="completed" time="0" timestamp="2021-12-24T21:22:47" classname="TypedConvolutionTests2/0" />
    <testcase name="avgpool2d_bp_3" type_param="double" status="run" result="completed" time="0" timestamp="2021-12-24T21:22:47" classname="TypedConvolutionTests2/0" />
    <testcase name="avgpool2d_bp_4" type_param="double" status="run" result="completed" time="0" timestamp="2021-12-24T21:22:47" classname="TypedConvolutionTests2/0" />
    <testcase name="avgpool2d_bp_5" type_param="double" status="run" result="completed" time="0.001" timestamp="2021-12-24T21:22:47" classname="TypedConvolutionTests2/0" />
    <testcase name="avgpool2d_bp_6" type_param="double" status="run" result="completed" time="0" timestamp="2021-12-24T21:22:47" classname="TypedConvolutionTests2/0" />
    <testcase name="pnormpool2d_bp_2" type_param="double" status="run" result="completed" time="0" timestamp="2021-12-24T21:22:47" classname="TypedConvolutionTests2/0" />
    <testcase name="pnormpool2d_bp_3" type_param="double" status="run" result="completed" time="0" timestamp="2021-12-24T21:22:47" classname="TypedConvolutionTests2/0" />
    <testcase name="depthwise_conv2d_1" type_param="double" status="run" result="completed" time="0" timestamp="2021-12-24T21:22:47" classname="TypedConvolutionTests2/0" />
  </testsuite>
  <testsuite name="TypedConvolutionTests2/1" tests="40" failures="0" disabled="0" errors="0" time="0.011" timestamp="2021-12-24T21:22:47">
    <testcase name="deconv2d_tf_test2" type_param="float" status="run" result="completed" time="0" timestamp="2021-12-24T21:22:47" classname="TypedConvolutionTests2/1" />
    <testcase name="Test_DeConv2D_TF_1" type_param="float" status="run" result="completed" time="0" timestamp="2021-12-24T21:22:47" classname="TypedConvolutionTests2/1" />
    <testcase name="Test_DeConv2D_TF_2" type_param="float" status="run" result="completed" time="0.001" timestamp="2021-12-24T21:22:47" classname="TypedConvolutionTests2/1" />
    <testcase name="sconv2d_bp_1" type_param="float" status="run" result="completed" time="0" timestamp="2021-12-24T21:22:47" classname="TypedConvolutionTests2/1" />
    <testcase name="sconv2d_bp_2" type_param="float" status="run" result="completed" time="0.007" timestamp="2021-12-24T21:22:47" classname="TypedConvolutionTests2/1" />
    <testcase name="sconv2d_bp_3" type_param="float" status="run" result="completed" time="0.001" timestamp="2021-12-24T21:22:47" classname="TypedConvolutionTests2/1" />
    <testcase name="sconv2d_bp_4" type_param="float" status="run" result="completed" time="0" timestamp="2021-12-24T21:22:47" classname="TypedConvolutionTests2/1" />
    <testcase name="maxpool2d_6" type_param="float" status="run" result="completed" time="0" timestamp="2021-12-24T21:22:47" classname="TypedConvolutionTests2/1" />
    <testcase name="maxpool2d_7" type_param="float" status="run" result="completed" time="0" timestamp="2021-12-24T21:22:47" classname="TypedConvolutionTests2/1" />
    <testcase name="maxpool2d_8" type_param="float" status="run" result="completed" time="0" timestamp="2021-12-24T21:22:47" classname="TypedConvolutionTests2/1" />
    <testcase name="maxpool2d_9" type_param="float" status="run" result="completed" time="0" timestamp="2021-12-24T21:22:47" classname="TypedConvolutionTests2/1" />
    <testcase name="maxpool2d_10" type_param="float" status="run" result="completed" time="0" timestamp="2021-12-24T21:22:47" classname="TypedConvolutionTests2/1" />
    <testcase name="avgpool3d_test1" type_param="float" status="run" result="completed" time="0" timestamp="2021-12-24T21:22:47" classname="TypedConvolutionTests2/1" />
    <testcase name="avgpool3d_test2" type_param="float" status="run" result="completed" time="0" timestamp="2021-12-24T21:22:47" classname="TypedConvolutionTests2/1" />
    <testcase name="avgpool3d_test3" type_param="float" status="run" result="completed" time="0" timestamp="2021-12-24T21:22:47" classname="TypedConvolutionTests2/1" />
    <testcase name="avgpool3d_test4" type_param="float" status="run" result="completed" time="0" timestamp="2021-12-24T21:22:47" classname="TypedConvolutionTests2/1" />
    <testcase name="maxpool3d_test1" type_param="float" status="run" result="completed" time="0" timestamp="2021-12-24T21:22:47" classname="TypedConvolutionTests2/1" />
    <testcase name="maxpool3d_test2" type_param="float" status="run" result="completed" time="0" timestamp="2021-12-24T21:22:47" classname="TypedConvolutionTests2/1" />
    <testcase name="maxpool3d_test3" type_param="float" status="run" result="completed" time="0" timestamp="2021-12-24T21:22:47" classname="TypedConvolutionTests2/1" />
    <testcase name="maxpool3d_test4" type_param="float" status="run" result="completed" time="0" timestamp="2021-12-24T21:22:47" classname="TypedConvolutionTests2/1" />
    <testcase name="avgpool3d_bp_test1" type_param="float" status="run" result="completed" time="0" timestamp="2021-12-24T21:22:47" classname="TypedConvolutionTests2/1" />
    <testcase name="avgpool3d_bp_test2" type_param="float" status="run" result="completed" time="0" timestamp="2021-12-24T21:22:47" classname="TypedConvolutionTests2/1" />
    <testcase name="avgpool3d_bp_test3" type_param="float" status="run" result="completed" time="0.001" timestamp="2021-12-24T21:22:47" classname="TypedConvolutionTests2/1" />
    <testcase name="avgpool3d_bp_test4" type_param="float" status="run" result="completed" time="0" timestamp="2021-12-24T21:22:47" classname="TypedConvolutionTests2/1" />
    <testcase name="maxpool3d_bp_test1" type_param="float" status="run" result="completed" time="0" timestamp="2021-12-24T21:22:47" classname="TypedConvolutionTests2/1" />
    <testcase name="maxpool3d_bp_test2" type_param="float" status="run" result="completed" time="0" timestamp="2021-12-24T21:22:47" classname="TypedConvolutionTests2/1" />
    <testcase name="maxpool3d_bp_test3" type_param="float" status="run" result="completed" time="0" timestamp="2021-12-24T21:22:47" classname="TypedConvolutionTests2/1" />
    <testcase name="maxpool3d_bp_test4" type_param="float" status="run" result="completed" time="0" timestamp="2021-12-24T21:22:47" classname="TypedConvolutionTests2/1" />
    <testcase name="maxpool2d_bp_3" type_param="float" status="run" result="completed" time="0" timestamp="2021-12-24T21:22:47" classname="TypedConvolutionTests2/1" />
    <testcase name="maxpool2d_bp_4" type_param="float" status="run" result="completed" time="0" timestamp="2021-12-24T21:22:47" classname="TypedConvolutionTests2/1" />
    <testcase name="maxpool2d_bp_5" type_param="float" status="run" result="completed" time="0" timestamp="2021-12-24T21:22:47" classname="TypedConvolutionTests2/1" />
    <testcase name="maxpool2d_bp_6" type_param="float" status="run" result="completed" time="0" timestamp="2021-12-24T21:22:47" classname="TypedConvolutionTests2/1" />
    <testcase name="avgpool2d_bp_2" type_param="float" status="run" result="completed" time="0" timestamp="2021-12-24T21:22:47" classname="TypedConvolutionTests2/1" />
    <testcase name="avgpool2d_bp_3" type_param="float" status="run" result="completed" time="0" timestamp="2021-12-24T21:22:47" classname="TypedConvolutionTests2/1" />
    <testcase name="avgpool2d_bp_4" type_param="float" status="run" result="completed" time="0" timestamp="2021-12-24T21:22:47" classname="TypedConvolutionTests2/1" />
    <testcase name="avgpool2d_bp_5" type_param="float" status="run" result="completed" time="0" timestamp="2021-12-24T21:22:47" classname="TypedConvolutionTests2/1" />
    <testcase name="avgpool2d_bp_6" type_param="float" status="run" result="completed" time="0" timestamp="2021-12-24T21:22:47" classname="TypedConvolutionTests2/1" />
    <testcase name="pnormpool2d_bp_2" type_param="float" status="run" result="completed" time="0" timestamp="2021-12-24T21:22:47" classname="TypedConvolutionTests2/1" />
    <testcase name="pnormpool2d_bp_3" type_param="float" status="run" result="completed" time="0" timestamp="2021-12-24T21:22:47" classname="TypedConvolutionTests2/1" />
    <testcase name="depthwise_conv2d_1" type_param="float" status="run" result="completed" time="0.001" timestamp="2021-12-24T21:22:47" classname="TypedConvolutionTests2/1" />
  </testsuite>
  <testsuite name="CudaLaunchHelperTests" tests="4" failures="0" disabled="0" errors="0" time="0" timestamp="2021-12-24T21:22:47">
    <testcase name="test_reduction_blocks_1" status="run" result="completed" time="0" timestamp="2021-12-24T21:22:47" classname="CudaLaunchHelperTests" />
    <testcase name="test_reduction_blocks_2" status="run" result="completed" time="0" timestamp="2021-12-24T21:22:47" classname="CudaLaunchHelperTests" />
    <testcase name="test_reduction_blocks_3" status="run" result="completed" time="0" timestamp="2021-12-24T21:22:47" classname="CudaLaunchHelperTests" />
    <testcase name="test_reduction_blocks_4" status="run" result="completed" time="0" timestamp="2021-12-24T21:22:47" classname="CudaLaunchHelperTests" />
  </testsuite>
  <testsuite name="DataBufferTests" tests="1" failures="0" disabled="0" errors="0" time="0.04" timestamp="2021-12-24T21:22:47">
    <testcase name="test_alloc_limit_1" status="run" result="completed" time="0.04" timestamp="2021-12-24T21:22:47" classname="DataBufferTests" />
  </testsuite>
  <testsuite name="DataTypesValidationTests" tests="9" failures="0" disabled="0" errors="0" time="0.001" timestamp="2021-12-24T21:22:47">
    <testcase name="Basic_Test_1" status="run" result="completed" time="0.001" timestamp="2021-12-24T21:22:47" classname="DataTypesValidationTests" />
    <testcase name="Basic_Test_2" status="run" result="completed" time="0" timestamp="2021-12-24T21:22:47" classname="DataTypesValidationTests" />
    <testcase name="Basic_Test_3" status="run" result="completed" time="0" timestamp="2021-12-24T21:22:47" classname="DataTypesValidationTests" />
    <testcase name="Basic_Test_4" status="run" result="completed" time="0" timestamp="2021-12-24T21:22:47" classname="DataTypesValidationTests" />
    <testcase name="test_bfloat16_rand_1" status="run" result="completed" time="0" timestamp="2021-12-24T21:22:47" classname="DataTypesValidationTests" />
    <testcase name="test_bfloat16_rand_2" status="run" result="completed" time="0" timestamp="2021-12-24T21:22:47" classname="DataTypesValidationTests" />
    <testcase name="cast_1" status="run" result="completed" time="0" timestamp="2021-12-24T21:22:47" classname="DataTypesValidationTests" />
    <testcase name="test_bits_hamming_distance_1" status="run" result="completed" time="0" timestamp="2021-12-24T21:22:47" classname="DataTypesValidationTests" />
    <testcase name="test_bits_hamming_distance_2" status="run" result="completed" time="0" timestamp="2021-12-24T21:22:47" classname="DataTypesValidationTests" />
  </testsuite>
  <testsuite name="DeclarableOpsTests1" tests="135" failures="1" disabled="0" errors="0" time="0.011" timestamp="2021-12-24T21:22:47">
    <testcase name="BasicInitialization1" status="run" result="completed" time="0" timestamp="2021-12-24T21:22:47" classname="DeclarableOpsTests1" />
    <testcase name="BasicInitialization2" status="run" result="completed" time="0" timestamp="2021-12-24T21:22:47" classname="DeclarableOpsTests1" />
    <testcase name="ApplyGradientDescent_1" status="run" result="completed" time="0" timestamp="2021-12-24T21:22:47" classname="DeclarableOpsTests1" />
    <testcase name="AssignBroadcastTest_1" status="run" result="completed" time="0" timestamp="2021-12-24T21:22:47" classname="DeclarableOpsTests1" />
    <testcase name="AssignBroadcastTest_2" status="run" result="completed" time="0" timestamp="2021-12-24T21:22:47" classname="DeclarableOpsTests1" />
    <testcase name="AXpY_Test_1" status="run" result="completed" time="0" timestamp="2021-12-24T21:22:47" classname="DeclarableOpsTests1" />
    <testcase name="BasicInitialization3" status="run" result="completed" time="0" timestamp="2021-12-24T21:22:47" classname="DeclarableOpsTests1" />
    <testcase name="SynonymInitialization2" status="run" result="completed" time="0" timestamp="2021-12-24T21:22:47" classname="DeclarableOpsTests1" />
    <testcase name="TestTensorMmul1" status="run" result="completed" time="0.001" timestamp="2021-12-24T21:22:47" classname="DeclarableOpsTests1" />
    <testcase name="TestTensorDot2" status="run" result="completed" time="0" timestamp="2021-12-24T21:22:47" classname="DeclarableOpsTests1" />
    <testcase name="TestTensorDot3" status="run" result="completed" time="0" timestamp="2021-12-24T21:22:47" classname="DeclarableOpsTests1" />
    <testcase name="TestTensorDot4" status="run" result="completed" time="0" timestamp="2021-12-24T21:22:47" classname="DeclarableOpsTests1" />
    <testcase name="TestTensorDot5" status="run" result="completed" time="0" timestamp="2021-12-24T21:22:47" classname="DeclarableOpsTests1" />
    <testcase name="TestTensorDot6" status="run" result="completed" time="0" timestamp="2021-12-24T21:22:47" classname="DeclarableOpsTests1" />
    <testcase name="TestTensorDot7" status="run" result="completed" time="0" timestamp="2021-12-24T21:22:47" classname="DeclarableOpsTests1" />
    <testcase name="TestTensorDot8" status="run" result="completed" time="0" timestamp="2021-12-24T21:22:47" classname="DeclarableOpsTests1" />
    <testcase name="TestTensorDot9" status="run" result="completed" time="0" timestamp="2021-12-24T21:22:47" classname="DeclarableOpsTests1" />
    <testcase name="TestTensorDot10" status="run" result="completed" time="0" timestamp="2021-12-24T21:22:47" classname="DeclarableOpsTests1" />
    <testcase name="TestTensorDot11" status="run" result="completed" time="0" timestamp="2021-12-24T21:22:47" classname="DeclarableOpsTests1" />
    <testcase name="TestTensorDot12" status="run" result="completed" time="0" timestamp="2021-12-24T21:22:47" classname="DeclarableOpsTests1" />
    <testcase name="TestTensorDot13" status="run" result="completed" time="0" timestamp="2021-12-24T21:22:47" classname="DeclarableOpsTests1" />
    <testcase name="TestTensorDot14" status="run" result="completed" time="0" timestamp="2021-12-24T21:22:47" classname="DeclarableOpsTests1" />
    <testcase name="TestTensorDot15" status="run" result="completed" time="0" timestamp="2021-12-24T21:22:47" classname="DeclarableOpsTests1" />
    <testcase name="TestTensorDot16" status="run" result="completed" time="0" timestamp="2021-12-24T21:22:47" classname="DeclarableOpsTests1" />
    <testcase name="TestTensorDot17" status="run" result="completed" time="0" timestamp="2021-12-24T21:22:47" classname="DeclarableOpsTests1" />
    <testcase name="DivergentCheck1" status="run" result="completed" time="0" timestamp="2021-12-24T21:22:47" classname="DeclarableOpsTests1" />
    <testcase name="AddMatrices1" status="run" result="completed" time="0.001" timestamp="2021-12-24T21:22:47" classname="DeclarableOpsTests1" />
    <testcase name="AddVectorVector1" status="run" result="completed" time="0" timestamp="2021-12-24T21:22:47" classname="DeclarableOpsTests1" />
    <testcase name="AddMatrixScalar1" status="run" result="completed" time="0" timestamp="2021-12-24T21:22:47" classname="DeclarableOpsTests1" />
    <testcase name="AddScalarScalar1" status="run" result="completed" time="0" timestamp="2021-12-24T21:22:47" classname="DeclarableOpsTests1" />
    <testcase name="SubtractMatrices1" status="run" result="completed" time="0" timestamp="2021-12-24T21:22:47" classname="DeclarableOpsTests1" />
    <testcase name="SubtractTest_1" status="run" result="completed" time="0" timestamp="2021-12-24T21:22:47" classname="DeclarableOpsTests1" />
    <testcase name="SubtractTest_2" status="run" result="completed" time="0" timestamp="2021-12-24T21:22:47" classname="DeclarableOpsTests1" />
    <testcase name="TestRng1" status="run" result="completed" time="0" timestamp="2021-12-24T21:22:47" classname="DeclarableOpsTests1" />
    <testcase name="MergeSumTest1" status="run" result="completed" time="0" timestamp="2021-12-24T21:22:47" classname="DeclarableOpsTests1" />
    <testcase name="ClipByValue1" status="run" result="completed" time="0" timestamp="2021-12-24T21:22:47" classname="DeclarableOpsTests1" />
    <testcase name="ClipByValue2" status="run" result="completed" time="0" timestamp="2021-12-24T21:22:47" classname="DeclarableOpsTests1" />
    <testcase name="MergeAvgTest1" status="run" result="completed" time="0" timestamp="2021-12-24T21:22:47" classname="DeclarableOpsTests1" />
    <testcase name="SubtractVectorVector1" status="run" result="completed" time="0" timestamp="2021-12-24T21:22:47" classname="DeclarableOpsTests1" />
    <testcase name="SubtractMatrixScalar1" status="run" result="completed" time="0" timestamp="2021-12-24T21:22:47" classname="DeclarableOpsTests1" />
    <testcase name="SubtractScalarScalar1" status="run" result="completed" time="0" timestamp="2021-12-24T21:22:47" classname="DeclarableOpsTests1" />
    <testcase name="ReverseSubtractMatrices1" status="run" result="completed" time="0" timestamp="2021-12-24T21:22:47" classname="DeclarableOpsTests1" />
    <testcase name="ReverseSubtractTest_1" status="run" result="completed" time="0" timestamp="2021-12-24T21:22:47" classname="DeclarableOpsTests1" />
    <testcase name="ReverseSubtractTest_2" status="run" result="completed" time="0" timestamp="2021-12-24T21:22:47" classname="DeclarableOpsTests1" />
    <testcase name="ReverseSubtractTest_3" status="run" result="completed" time="0" timestamp="2021-12-24T21:22:47" classname="DeclarableOpsTests1" />
    <testcase name="ReverseModTest_1" status="run" result="completed" time="0" timestamp="2021-12-24T21:22:47" classname="DeclarableOpsTests1" />
    <testcase name="ReverseModTest_2" status="run" result="completed" time="0" timestamp="2021-12-24T21:22:47" classname="DeclarableOpsTests1" />
    <testcase name="ReverseSubtractVectorVector1" status="run" result="completed" time="0" timestamp="2021-12-24T21:22:47" classname="DeclarableOpsTests1" />
    <testcase name="ReverseSubtractMatrixScalar1" status="run" result="completed" time="0" timestamp="2021-12-24T21:22:47" classname="DeclarableOpsTests1" />
    <testcase name="ReverseSubtractScalarScalar1" status="run" result="completed" time="0" timestamp="2021-12-24T21:22:47" classname="DeclarableOpsTests1" />
    <testcase name="MultiplyMatrices1" status="run" result="completed" time="0" timestamp="2021-12-24T21:22:47" classname="DeclarableOpsTests1" />
    <testcase name="MultiplyVectorVector1" status="run" result="completed" time="0" timestamp="2021-12-24T21:22:47" classname="DeclarableOpsTests1" />
    <testcase name="MultiplyMatrixScalar" status="run" result="completed" time="0" timestamp="2021-12-24T21:22:47" classname="DeclarableOpsTests1" />
    <testcase name="MultiplyScalarScalar1" status="run" result="completed" time="0" timestamp="2021-12-24T21:22:47" classname="DeclarableOpsTests1" />
    <testcase name="TestSoftMax_bp_1" status="run" result="completed" time="0" timestamp="2021-12-24T21:22:47" classname="DeclarableOpsTests1" />
    <testcase name="BroadcastDivideTest_1" status="run" result="completed" time="0" timestamp="2021-12-24T21:22:47" classname="DeclarableOpsTests1" />
    <testcase name="BroadcastDivideTest_2" status="run" result="completed" time="0" timestamp="2021-12-24T21:22:47" classname="DeclarableOpsTests1" />
    <testcase name="BroadcastDivideTest_3" status="run" result="completed" time="0" timestamp="2021-12-24T21:22:47" classname="DeclarableOpsTests1" />
    <testcase name="BroadcastReverseDivideTest_1" status="run" result="completed" time="0" timestamp="2021-12-24T21:22:47" classname="DeclarableOpsTests1" />
    <testcase name="DivideMatrices1" status="run" result="completed" time="0" timestamp="2021-12-24T21:22:47" classname="DeclarableOpsTests1" />
    <testcase name="DivideVectorVector1" status="run" result="completed" time="0" timestamp="2021-12-24T21:22:47" classname="DeclarableOpsTests1" />
    <testcase name="DivideMatrixScalar1" status="run" result="completed" time="0" timestamp="2021-12-24T21:22:47" classname="DeclarableOpsTests1" />
    <testcase name="DivideScalarScalar1" status="run" result="completed" time="0" timestamp="2021-12-24T21:22:47" classname="DeclarableOpsTests1" />
    <testcase name="ReverseDivideMatrices1" status="run" result="completed" time="0" timestamp="2021-12-24T21:22:47" classname="DeclarableOpsTests1" />
    <testcase name="ReverseDivideVectorVector1" status="run" result="completed" time="0" timestamp="2021-12-24T21:22:47" classname="DeclarableOpsTests1" />
    <testcase name="ReverseDivideMatrixScalar1" status="run" result="completed" time="0.002" timestamp="2021-12-24T21:22:47" classname="DeclarableOpsTests1" />
    <testcase name="ReverseDivideScalarScalar1" status="run" result="completed" time="0" timestamp="2021-12-24T21:22:47" classname="DeclarableOpsTests1" />
    <testcase name="Test_Cast_1" status="run" result="completed" time="0" timestamp="2021-12-24T21:22:47" classname="DeclarableOpsTests1" />
    <testcase name="Test_Min_Max_1" status="run" result="completed" time="0" timestamp="2021-12-24T21:22:47" classname="DeclarableOpsTests1">
      <failure message="unknown file&#x0A;C++ exception with description &quot;vector::_M_range_check: __n (which is 1) &gt;= this-&gt;size() (which is 0)&quot; thrown in the test body." type=""><![CDATA[unknown file
C++ exception with description "vector::_M_range_check: __n (which is 1) >= this->size() (which is 0)" thrown in the test body.]]></failure>
    </testcase>
    <testcase name="TestRegistrator1" status="run" result="completed" time="0.002" timestamp="2021-12-24T21:22:47" classname="DeclarableOpsTests1" />
    <testcase name="TestGemv1" status="run" result="completed" time="0" timestamp="2021-12-24T21:22:47" classname="DeclarableOpsTests1" />
    <testcase name="Transpose1" status="run" result="completed" time="0.001" timestamp="2021-12-24T21:22:47" classname="DeclarableOpsTests1" />
    <testcase name="Permute1" status="run" result="completed" time="0" timestamp="2021-12-24T21:22:47" classname="DeclarableOpsTests1" />
    <testcase name="TestArgumentsValidation1" status="run" result="completed" time="0" timestamp="2021-12-24T21:22:47" classname="DeclarableOpsTests1" />
    <testcase name="TestReductionShape1" status="run" result="completed" time="0" timestamp="2021-12-24T21:22:47" classname="DeclarableOpsTests1" />
    <testcase name="TestReductionShape2" status="run" result="completed" time="0" timestamp="2021-12-24T21:22:47" classname="DeclarableOpsTests1" />
    <testcase name="TestCustomShape1" status="run" result="completed" time="0" timestamp="2021-12-24T21:22:47" classname="DeclarableOpsTests1" />
    <testcase name="Pnormpool2d1" status="run" result="completed" time="0" timestamp="2021-12-24T21:22:47" classname="DeclarableOpsTests1" />
    <testcase name="IsMax1" status="run" result="completed" time="0" timestamp="2021-12-24T21:22:47" classname="DeclarableOpsTests1" />
    <testcase name="IsMax2" status="run" result="completed" time="0" timestamp="2021-12-24T21:22:47" classname="DeclarableOpsTests1" />
    <testcase name="IsMax3" status="run" result="completed" time="0" timestamp="2021-12-24T21:22:47" classname="DeclarableOpsTests1" />
    <testcase name="IsMax4" status="run" result="completed" time="0" timestamp="2021-12-24T21:22:47" classname="DeclarableOpsTests1" />
    <testcase name="sru_test1" status="run" result="completed" time="0.001" timestamp="2021-12-24T21:22:47" classname="DeclarableOpsTests1" />
    <testcase name="sru_bp" status="run" result="completed" time="0" timestamp="2021-12-24T21:22:47" classname="DeclarableOpsTests1" />
    <testcase name="sru_bi_1" status="run" result="completed" time="0" timestamp="2021-12-24T21:22:47" classname="DeclarableOpsTests1" />
    <testcase name="sru_bi_bp_1" status="run" result="completed" time="0" timestamp="2021-12-24T21:22:47" classname="DeclarableOpsTests1" />
    <testcase name="ArgMax1" status="run" result="completed" time="0" timestamp="2021-12-24T21:22:47" classname="DeclarableOpsTests1" />
    <testcase name="ArgMax2" status="run" result="completed" time="0" timestamp="2021-12-24T21:22:47" classname="DeclarableOpsTests1" />
    <testcase name="ArgMax3" status="run" result="completed" time="0" timestamp="2021-12-24T21:22:47" classname="DeclarableOpsTests1" />
    <testcase name="ArgMax4" status="run" result="completed" time="0" timestamp="2021-12-24T21:22:47" classname="DeclarableOpsTests1" />
    <testcase name="ArgMax5" status="run" result="completed" time="0" timestamp="2021-12-24T21:22:47" classname="DeclarableOpsTests1" />
    <testcase name="ArgMax6" status="run" result="completed" time="0" timestamp="2021-12-24T21:22:47" classname="DeclarableOpsTests1" />
    <testcase name="ArgMin1" status="run" result="completed" time="0" timestamp="2021-12-24T21:22:47" classname="DeclarableOpsTests1" />
    <testcase name="SquareTests1" status="run" result="completed" time="0.001" timestamp="2021-12-24T21:22:47" classname="DeclarableOpsTests1" />
    <testcase name="OneHotTests_1" status="run" result="completed" time="0" timestamp="2021-12-24T21:22:47" classname="DeclarableOpsTests1" />
    <testcase name="OneHotTests_2" status="run" result="completed" time="0" timestamp="2021-12-24T21:22:47" classname="DeclarableOpsTests1" />
    <testcase name="OneHotTests_3" status="run" result="completed" time="0" timestamp="2021-12-24T21:22:47" classname="DeclarableOpsTests1" />
    <testcase name="OneHotTests_4" status="run" result="completed" time="0" timestamp="2021-12-24T21:22:47" classname="DeclarableOpsTests1" />
    <testcase name="OneHotTests_5" status="run" result="completed" time="0" timestamp="2021-12-24T21:22:47" classname="DeclarableOpsTests1" />
    <testcase name="OneHotTests_6" status="run" result="completed" time="0" timestamp="2021-12-24T21:22:47" classname="DeclarableOpsTests1" />
    <testcase name="OneHotTests_7" status="run" result="completed" time="0" timestamp="2021-12-24T21:22:47" classname="DeclarableOpsTests1" />
    <testcase name="FillAs_1" status="run" result="completed" time="0" timestamp="2021-12-24T21:22:47" classname="DeclarableOpsTests1" />
    <testcase name="LRN1" status="run" result="completed" time="0" timestamp="2021-12-24T21:22:47" classname="DeclarableOpsTests1" />
    <testcase name="Test_Range_Integer_1" status="run" result="completed" time="0" timestamp="2021-12-24T21:22:47" classname="DeclarableOpsTests1" />
    <testcase name="Test_Range_Integer_2" status="run" result="completed" time="0" timestamp="2021-12-24T21:22:47" classname="DeclarableOpsTests1" />
    <testcase name="Test_Range_Integer_3" status="run" result="completed" time="0" timestamp="2021-12-24T21:22:47" classname="DeclarableOpsTests1" />
    <testcase name="softmax_test1" status="run" result="completed" time="0" timestamp="2021-12-24T21:22:47" classname="DeclarableOpsTests1" />
    <testcase name="softmax_test2" status="run" result="completed" time="0" timestamp="2021-12-24T21:22:47" classname="DeclarableOpsTests1" />
    <testcase name="softmax_test3" status="run" result="completed" time="0" timestamp="2021-12-24T21:22:47" classname="DeclarableOpsTests1" />
    <testcase name="softmax_test4" status="run" result="completed" time="0" timestamp="2021-12-24T21:22:47" classname="DeclarableOpsTests1" />
    <testcase name="softmax_test5" status="run" result="completed" time="0" timestamp="2021-12-24T21:22:47" classname="DeclarableOpsTests1" />
    <testcase name="softmax_test6" status="run" result="completed" time="0" timestamp="2021-12-24T21:22:47" classname="DeclarableOpsTests1" />
    <testcase name="softmax_test7" status="run" result="completed" time="0" timestamp="2021-12-24T21:22:47" classname="DeclarableOpsTests1" />
    <testcase name="softmax_test8" status="run" result="completed" time="0" timestamp="2021-12-24T21:22:47" classname="DeclarableOpsTests1" />
    <testcase name="softmax_test9" status="run" result="completed" time="0" timestamp="2021-12-24T21:22:47" classname="DeclarableOpsTests1" />
    <testcase name="softmax_test10" status="run" result="completed" time="0" timestamp="2021-12-24T21:22:47" classname="DeclarableOpsTests1" />
    <testcase name="softmax_test11" status="run" result="completed" time="0" timestamp="2021-12-24T21:22:47" classname="DeclarableOpsTests1" />
    <testcase name="softmax_test12" status="run" result="completed" time="0.001" timestamp="2021-12-24T21:22:47" classname="DeclarableOpsTests1" />
    <testcase name="Reverse_1" status="run" result="completed" time="0" timestamp="2021-12-24T21:22:47" classname="DeclarableOpsTests1" />
    <testcase name="Reverse_2" status="run" result="completed" time="0" timestamp="2021-12-24T21:22:47" classname="DeclarableOpsTests1" />
[...]
  </testsuite>
  <testsuite name="StringTests" tests="71" failures="0" disabled="0" errors="0" time="0.001" timestamp="2021-12-24T21:22:50">
    <testcase name="Basic_Test_1" status="run" result="completed" time="0" timestamp="2021-12-24T21:22:50" classname="StringTests" />
    <testcase name="Basic_Test_2" status="run" result="completed" time="0" timestamp="2021-12-24T21:22:50" classname="StringTests" />
    <testcase name="Basic_Test_3" status="run" result="completed" time="0" timestamp="2021-12-24T21:22:50" classname="StringTests" />
    <testcase name="Basic_Test_4" status="run" result="completed" time="0" timestamp="2021-12-24T21:22:50" classname="StringTests" />
    <testcase name="Basic_Test_5" status="run" result="completed" time="0" timestamp="2021-12-24T21:22:50" classname="StringTests" />
    <testcase name="Basic_Test_6" status="run" result="completed" time="0" timestamp="2021-12-24T21:22:50" classname="StringTests" />
    <testcase name="Basic_Test_7" status="run" result="completed" time="0" timestamp="2021-12-24T21:22:50" classname="StringTests" />
    <testcase name="Basic_Test_8" status="run" result="completed" time="0" timestamp="2021-12-24T21:22:50" classname="StringTests" />
    <testcase name="Basic_Test_9" status="run" result="completed" time="0" timestamp="2021-12-24T21:22:50" classname="StringTests" />
    <testcase name="Basic_Test_10" status="run" result="completed" time="0" timestamp="2021-12-24T21:22:50" classname="StringTests" />
    <testcase name="Basic_Test_11" status="run" result="completed" time="0" timestamp="2021-12-24T21:22:50" classname="StringTests" />
    <testcase name="Basic_Test_12" status="run" result="completed" time="0" timestamp="2021-12-24T21:22:50" classname="StringTests" />
    <testcase name="Basic_Test_13" status="run" result="completed" time="0" timestamp="2021-12-24T21:22:50" classname="StringTests" />
    <testcase name="Basic_Test_14" status="run" result="completed" time="0" timestamp="2021-12-24T21:22:50" classname="StringTests" />
    <testcase name="Basic_Test_15" status="run" result="completed" time="0" timestamp="2021-12-24T21:22:50" classname="StringTests" />
    <testcase name="Basic_Test_16" status="run" result="completed" time="0" timestamp="2021-12-24T21:22:50" classname="StringTests" />
    <testcase name="Basic_Test_17" status="run" result="completed" time="0" timestamp="2021-12-24T21:22:50" classname="StringTests" />
    <testcase name="Basic_Test_18" status="run" result="completed" time="0" timestamp="2021-12-24T21:22:50" classname="StringTests" />
    <testcase name="Basic_Test_19" status="run" result="completed" time="0" timestamp="2021-12-24T21:22:50" classname="StringTests" />
    <testcase name="Basic_Test_20" status="run" result="completed" time="0" timestamp="2021-12-24T21:22:50" classname="StringTests" />
    <testcase name="Basic_Test_21" status="run" result="completed" time="0" timestamp="2021-12-24T21:22:50" classname="StringTests" />
    <testcase name="Basic_Test_22" status="run" result="completed" time="0" timestamp="2021-12-24T21:22:50" classname="StringTests" />
    <testcase name="Basic_Test_23" status="run" result="completed" time="0" timestamp="2021-12-24T21:22:50" classname="StringTests" />
    <testcase name="Export_Test_1" status="run" result="completed" time="0" timestamp="2021-12-24T21:22:50" classname="StringTests" />
    <testcase name="Basic_dup_1" status="run" result="completed" time="0" timestamp="2021-12-24T21:22:50" classname="StringTests" />
    <testcase name="byte_length_test_1" status="run" result="completed" time="0" timestamp="2021-12-24T21:22:50" classname="StringTests" />
    <testcase name="byte_length_test_2" status="run" result="completed" time="0" timestamp="2021-12-24T21:22:50" classname="StringTests" />
    <testcase name="test_split_1" status="run" result="completed" time="0" timestamp="2021-12-24T21:22:50" classname="StringTests" />
    <testcase name="test_unicode_utf8_utf16" status="run" result="completed" time="0" timestamp="2021-12-24T21:22:50" classname="StringTests" />
    <testcase name="test_unicode_utf8_utf32" status="run" result="completed" time="0" timestamp="2021-12-24T21:22:50" classname="StringTests" />
    <testcase name="test_unicode_utf16_utf8" status="run" result="completed" time="0" timestamp="2021-12-24T21:22:50" classname="StringTests" />
    <testcase name="test_unicode_utf32_utf8" status="run" result="completed" time="0" timestamp="2021-12-24T21:22:50" classname="StringTests" />
    <testcase name="test_unicode_utf16_utf32" status="run" result="completed" time="0" timestamp="2021-12-24T21:22:50" classname="StringTests" />
    <testcase name="test_unicode_utf32_utf16" status="run" result="completed" time="0" timestamp="2021-12-24T21:22:50" classname="StringTests" />
    <testcase name="byte_length_test_Default" status="run" result="completed" time="0" timestamp="2021-12-24T21:22:50" classname="StringTests" />
    <testcase name="byte_length_test_UTF16" status="run" result="completed" time="0" timestamp="2021-12-24T21:22:50" classname="StringTests" />
    <testcase name="Basic_Test_UTF16toU8" status="run" result="completed" time="0" timestamp="2021-12-24T21:22:50" classname="StringTests" />
    <testcase name="Basic_Test_UTF32toU8" status="run" result="completed" time="0" timestamp="2021-12-24T21:22:50" classname="StringTests" />
    <testcase name="Basic_Test_UTF16toU16" status="run" result="completed" time="0" timestamp="2021-12-24T21:22:50" classname="StringTests" />
    <testcase name="Basic_Test_UTF32toU16" status="run" result="completed" time="0.001" timestamp="2021-12-24T21:22:50" classname="StringTests" />
    <testcase name="Basic_Test_UTF16toU32" status="run" result="completed" time="0" timestamp="2021-12-24T21:22:50" classname="StringTests" />
    <testcase name="Basic_Test_UTF32toU32" status="run" result="completed" time="0" timestamp="2021-12-24T21:22:50" classname="StringTests" />
    <testcase name="Basic_Test_UTF8toU32" status="run" result="completed" time="0" timestamp="2021-12-24T21:22:50" classname="StringTests" />
    <testcase name="Basic_Test_StringVecU8toUTF16" status="run" result="completed" time="0" timestamp="2021-12-24T21:22:50" classname="StringTests" />
    <testcase name="Basic_Test_StringVecU8toUTF32" status="run" result="completed" time="0" timestamp="2021-12-24T21:22:50" classname="StringTests" />
    <testcase name="Export_Test_U8toUTF16" status="run" result="completed" time="0" timestamp="2021-12-24T21:22:50" classname="StringTests" />
    <testcase name="Export_Test_U8toUTF32" status="run" result="completed" time="0" timestamp="2021-12-24T21:22:50" classname="StringTests" />
    <testcase name="Basic_Test_StringVecU16toUTF16" status="run" result="completed" time="0" timestamp="2021-12-24T21:22:50" classname="StringTests" />
    <testcase name="Basic_Test_StringVecU16toUTF32" status="run" result="completed" time="0" timestamp="2021-12-24T21:22:50" classname="StringTests" />
    <testcase name="Basic_Test_StringVecU16toUTF8" status="run" result="completed" time="0" timestamp="2021-12-24T21:22:50" classname="StringTests" />
    <testcase name="Export_Test_U16toUTF8" status="run" result="completed" time="0" timestamp="2021-12-24T21:22:50" classname="StringTests" />
    <testcase name="Export_Test_U16toUTF16" status="run" result="completed" time="0" timestamp="2021-12-24T21:22:50" classname="StringTests" />
    <testcase name="Export_Test_U16toUTF32" status="run" result="completed" time="0" timestamp="2021-12-24T21:22:50" classname="StringTests" />
    <testcase name="Basic_Test_StringVecU32toUTF32" status="run" result="completed" time="0" timestamp="2021-12-24T21:22:50" classname="StringTests" />
    <testcase name="Basic_Test_StringVecU32toUTF16" status="run" result="completed" time="0" timestamp="2021-12-24T21:22:50" classname="StringTests" />
    <testcase name="Basic_Test_StringVecU32toUTF8" status="run" result="completed" time="0" timestamp="2021-12-24T21:22:50" classname="StringTests" />
    <testcase name="Export_Test_U32toUTF32" status="run" result="completed" time="0" timestamp="2021-12-24T21:22:50" classname="StringTests" />
    <testcase name="Export_Test_U32toUTF16" status="run" result="completed" time="0" timestamp="2021-12-24T21:22:50" classname="StringTests" />
    <testcase name="Export_Test_U32toUTF8" status="run" result="completed" time="0" timestamp="2021-12-24T21:22:50" classname="StringTests" />
    <testcase name="Basic_dup_UTF16" status="run" result="completed" time="0" timestamp="2021-12-24T21:22:50" classname="StringTests" />
    <testcase name="Basic_dup_UTF32" status="run" result="completed" time="0" timestamp="2021-12-24T21:22:50" classname="StringTests" />
    <testcase name="Basic_cast_UTF32toUTF8" status="run" result="completed" time="0" timestamp="2021-12-24T21:22:50" classname="StringTests" />
    <testcase name="Basic_cast_UTF32toUTF16" status="run" result="completed" time="0" timestamp="2021-12-24T21:22:50" classname="StringTests" />
    <testcase name="Basic_cast_UTF32toUTF32" status="run" result="completed" time="0" timestamp="2021-12-24T21:22:50" classname="StringTests" />
    <testcase name="Basic_cast_UTF16toUTF16" status="run" result="completed" time="0" timestamp="2021-12-24T21:22:50" classname="StringTests" />
    <testcase name="Basic_cast_UTF16toUTF32" status="run" result="completed" time="0" timestamp="2021-12-24T21:22:50" classname="StringTests" />
    <testcase name="Basic_cast_UTF16toUTF8" status="run" result="completed" time="0" timestamp="2021-12-24T21:22:50" classname="StringTests" />
    <testcase name="Basic_cast_UTF8toUTF8" status="run" result="completed" time="0" timestamp="2021-12-24T21:22:50" classname="StringTests" />
    <testcase name="Basic_cast_UTF8toUTF16" status="run" result="completed" time="0" timestamp="2021-12-24T21:22:50" classname="StringTests" />
    <testcase name="Basic_cast_UTF8toUTF32" status="run" result="completed" time="0" timestamp="2021-12-24T21:22:50" classname="StringTests" />
    <testcase name="test_bit_string_1" status="run" result="completed" time="0" timestamp="2021-12-24T21:22:50" classname="StringTests" />
  </testsuite>
  <testsuite name="SwitchTests" tests="3" failures="0" disabled="0" errors="0" time="0.002" timestamp="2021-12-24T21:22:50">
    <testcase name="SwitchTest1" status="run" result="completed" time="0.001" timestamp="2021-12-24T21:22:50" classname="SwitchTests" />
    <testcase name="SwitchTest2" status="run" result="completed" time="0" timestamp="2021-12-24T21:22:50" classname="SwitchTests" />
    <testcase name="SwitchTest3" status="run" result="completed" time="0" timestamp="2021-12-24T21:22:50" classname="SwitchTests" />
  </testsuite>
  <testsuite name="TadTests" tests="20" failures="0" disabled="0" errors="0" time="0.002" timestamp="2021-12-24T21:22:50">
    <testcase name="Test4DTad1" status="run" result="completed" time="0.001" timestamp="2021-12-24T21:22:50" classname="TadTests" />
    <testcase name="TestNumTads1" status="run" result="completed" time="0" timestamp="2021-12-24T21:22:50" classname="TadTests" />
    <testcase name="TestShapeTad_1" status="run" result="completed" time="0" timestamp="2021-12-24T21:22:50" classname="TadTests" />
    <testcase name="TadNoAxis_1" status="run" result="completed" time="0" timestamp="2021-12-24T21:22:50" classname="TadTests" />
    <testcase name="TadEdgeCase_1" status="run" result="completed" time="0" timestamp="2021-12-24T21:22:50" classname="TadTests" />
    <testcase name="TestEdgeCase_2" status="run" result="completed" time="0" timestamp="2021-12-24T21:22:50" classname="TadTests" />
    <testcase name="TadEdgeCase_2" status="run" result="completed" time="0" timestamp="2021-12-24T21:22:50" classname="TadTests" />
    <testcase name="test_Tad_Ews_optimization_1" status="run" result="completed" time="0" timestamp="2021-12-24T21:22:50" classname="TadTests" />
    <testcase name="test_Tad_Ews_optimization_2" status="run" result="completed" time="0" timestamp="2021-12-24T21:22:50" classname="TadTests" />
    <testcase name="test_Tad_Ews_optimization_3" status="run" result="completed" time="0" timestamp="2021-12-24T21:22:50" classname="TadTests" />
    <testcase name="test_Tad_Ews_optimization_4" status="run" result="completed" time="0" timestamp="2021-12-24T21:22:50" classname="TadTests" />
    <testcase name="test_Tad_Ews_optimization_5" status="run" result="completed" time="0" timestamp="2021-12-24T21:22:50" classname="TadTests" />
    <testcase name="test_TAD_empty_dims_1" status="run" result="completed" time="0" timestamp="2021-12-24T21:22:50" classname="TadTests" />
    <testcase name="test_tad_order_1" status="run" result="completed" time="0" timestamp="2021-12-24T21:22:50" classname="TadTests" />
    <testcase name="test_tad_order_2" status="run" result="completed" time="0" timestamp="2021-12-24T21:22:50" classname="TadTests" />
    <testcase name="test_tad_order_3" status="run" result="completed" time="0" timestamp="2021-12-24T21:22:50" classname="TadTests" />
    <testcase name="test_tad_order_4" status="run" result="completed" time="0" timestamp="2021-12-24T21:22:50" classname="TadTests" />
    <testcase name="test_column_1" status="run" result="completed" time="0" timestamp="2021-12-24T21:22:50" classname="TadTests" />
    <testcase name="calcOffsets_1" status="run" result="completed" time="0" timestamp="2021-12-24T21:22:50" classname="TadTests" />
    <testcase name="outerArrayIndexes_1" status="run" result="completed" time="0" timestamp="2021-12-24T21:22:50" classname="TadTests" />
  </testsuite>
  <testsuite name="ThreadsTests" tests="9" failures="0" disabled="0" errors="0" time="0.305" timestamp="2021-12-24T21:22:50">
    <testcase name="th_test_1" status="run" result="completed" time="0" timestamp="2021-12-24T21:22:50" classname="ThreadsTests" />
    <testcase name="th_test_2" status="run" result="completed" time="0" timestamp="2021-12-24T21:22:50" classname="ThreadsTests" />
    <testcase name="th_test_3" status="run" result="completed" time="0" timestamp="2021-12-24T21:22:50" classname="ThreadsTests" />
    <testcase name="th_test_5" status="run" result="completed" time="0.001" timestamp="2021-12-24T21:22:50" classname="ThreadsTests" />
    <testcase name="th_test_4" status="run" result="completed" time="0" timestamp="2021-12-24T21:22:50" classname="ThreadsTests" />
    <testcase name="test_span_converage_1" status="run" result="completed" time="0.198" timestamp="2021-12-24T21:22:50" classname="ThreadsTests" />
    <testcase name="validation_test_2d_1" status="run" result="completed" time="0" timestamp="2021-12-24T21:22:50" classname="ThreadsTests" />
    <testcase name="reduction_test_1" status="run" result="completed" time="0" timestamp="2021-12-24T21:22:50" classname="ThreadsTests" />
    <testcase name="crash_test_1" status="run" result="completed" time="0.106" timestamp="2021-12-24T21:22:50" classname="ThreadsTests" />
  </testsuite>
  <testsuite name="TypeCastTests" tests="2" failures="0" disabled="0" errors="0" time="0" timestamp="2021-12-24T21:22:51">
    <testcase name="Test_Cast_1" status="run" result="completed" time="0" timestamp="2021-12-24T21:22:51" classname="TypeCastTests" />
    <testcase name="Test_ConvertDtype_1" status="run" result="completed" time="0" timestamp="2021-12-24T21:22:51" classname="TypeCastTests" />
  </testsuite>
  <testsuite name="VariableProxyTests" tests="6" failures="0" disabled="0" errors="0" time="0.001" timestamp="2021-12-24T21:22:51">
    <testcase name="Test_Simple_1" status="run" result="completed" time="0" timestamp="2021-12-24T21:22:51" classname="VariableProxyTests" />
    <testcase name="Test_Simple_2" status="run" result="completed" time="0" timestamp="2021-12-24T21:22:51" classname="VariableProxyTests" />
    <testcase name="Test_Simple_3" status="run" result="completed" time="0" timestamp="2021-12-24T21:22:51" classname="VariableProxyTests" />
    <testcase name="Test_Simple_4" status="run" result="completed" time="0" timestamp="2021-12-24T21:22:51" classname="VariableProxyTests" />
    <testcase name="Test_Cast_1" status="run" result="completed" time="0" timestamp="2021-12-24T21:22:51" classname="VariableProxyTests" />
    <testcase name="Test_Clone_1" status="run" result="completed" time="0" timestamp="2021-12-24T21:22:51" classname="VariableProxyTests" />
  </testsuite>
  <testsuite name="VariableSpaceTest" tests="7" failures="0" disabled="0" errors="0" time="0" timestamp="2021-12-24T21:22:51">
    <testcase name="SettersGettersTest1" status="run" result="completed" time="0" timestamp="2021-12-24T21:22:51" classname="VariableSpaceTest" />
    <testcase name="SettersGettersTest2" status="run" result="completed" time="0" timestamp="2021-12-24T21:22:51" classname="VariableSpaceTest" />
    <testcase name="EqualityTest1" status="run" result="completed" time="0" timestamp="2021-12-24T21:22:51" classname="VariableSpaceTest" />
    <testcase name="EqualityTest2" status="run" result="completed" time="0" timestamp="2021-12-24T21:22:51" classname="VariableSpaceTest" />
    <testcase name="CloneTests_1" status="run" result="completed" time="0" timestamp="2021-12-24T21:22:51" classname="VariableSpaceTest" />
    <testcase name="CloneTests_2" status="run" result="completed" time="0" timestamp="2021-12-24T21:22:51" classname="VariableSpaceTest" />
    <testcase name="Test_DType_Conversion_1" status="run" result="completed" time="0" timestamp="2021-12-24T21:22:51" classname="VariableSpaceTest" />
  </testsuite>
  <testsuite name="VariableTests" tests="5" failures="0" disabled="0" errors="0" time="0" timestamp="2021-12-24T21:22:51">
    <testcase name="TestClone_1" status="run" result="completed" time="0" timestamp="2021-12-24T21:22:51" classname="VariableTests" />
    <testcase name="Test_FlatVariableDataType_1" status="run" result="completed" time="0" timestamp="2021-12-24T21:22:51" classname="VariableTests" />
    <testcase name="Test_FlatVariableDataType_2" status="run" result="completed" time="0" timestamp="2021-12-24T21:22:51" classname="VariableTests" />
    <testcase name="Test_FlatVariableDataType_3" status="run" result="completed" time="0" timestamp="2021-12-24T21:22:51" classname="VariableTests" />
    <testcase name="Test_Dtype_Conversion_1" status="run" result="completed" time="0" timestamp="2021-12-24T21:22:51" classname="VariableTests" />
  </testsuite>
  <testsuite name="WorkspaceTests" tests="10" failures="0" disabled="0" errors="0" time="0.01" timestamp="2021-12-24T21:22:51">
    <testcase name="BasicInitialization1" status="run" result="completed" time="0" timestamp="2021-12-24T21:22:51" classname="WorkspaceTests" />
    <testcase name="BasicInitialization2" status="run" result="completed" time="0" timestamp="2021-12-24T21:22:51" classname="WorkspaceTests" />
    <testcase name="BasicInitialization3" status="run" result="completed" time="0" timestamp="2021-12-24T21:22:51" classname="WorkspaceTests" />
    <testcase name="ResetTest1" status="run" result="completed" time="0" timestamp="2021-12-24T21:22:51" classname="WorkspaceTests" />
    <testcase name="StretchTest1" status="run" result="completed" time="0" timestamp="2021-12-24T21:22:51" classname="WorkspaceTests" />
    <testcase name="NewInWorkspaceTest1" status="run" result="completed" time="0" timestamp="2021-12-24T21:22:51" classname="WorkspaceTests" />
    <testcase name="NewInWorkspaceTest2" status="run" result="completed" time="0" timestamp="2021-12-24T21:22:51" classname="WorkspaceTests" />
    <testcase name="CloneTest1" status="run" result="completed" time="0" timestamp="2021-12-24T21:22:51" classname="WorkspaceTests" />
    <testcase name="Test_Arrays_1" status="run" result="completed" time="0.01" timestamp="2021-12-24T21:22:51" classname="WorkspaceTests" />
    <testcase name="Test_Externalized_1" status="run" result="completed" time="0" timestamp="2021-12-24T21:22:51" classname="WorkspaceTests" />
  </testsuite>
</testsuites>
